(0000) 3000  0011000000000000 (   1)                 .ORIG x3000
(3000) E05A  1110000001011010 (   2) START           LEA   R0 INPUT
(3001) F022  1111000000100010 (   3)                 TRAP  x22
(3002) F020  1111000000100000 (   5)                 TRAP  x20
(3003) 1620  0001011000100000 (   6)                 ADD   R3 R0 #0
(3004) 16F0  0001011011110000 (   7)                 ADD   R3 R3 #-16
(3005) 16F0  0001011011110000 (   8)                 ADD   R3 R3 #-16
(3006) 16F0  0001011011110000 (   9)                 ADD   R3 R3 #-16
(3007) 18E0  0001100011100000 (  11)                 ADD   R4 R3 #0
(3008) 993F  1001100100111111 (  12)                 NOT   R4 R4
(3009) 1927  0001100100100111 (  13)                 ADD   R4 R4 #7
(300A) 0807  0000100000000111 (  14)                 BRN   END
(300B) E007  1110000000000111 (  16)                 LEA   R0 DAYS
(300C) 1003  0001000000000011 (  17)                 ADD   R0 R0 R3
(300D) 1003  0001000000000011 (  18)                 ADD   R0 R0 R3
(300E) F022  1111000000100010 (  19)                 TRAP  x22
(300F) E04A  1110000001001010 (  21)                 LEA   R0 BREAK
(3010) F024  1111000000100100 (  22)                 TRAP  x24
(3011) 0FEE  0000111111101110 (  24)                 BRNZP START
(3012) F025  1111000000100101 (  26) END             TRAP  x25
(3013) 0053  0000000001010011 (  29) DAYS            .FILL x0053
(3014) 0075  0000000001110101 (  29)                 .FILL x0075
(3015) 006E  0000000001101110 (  29)                 .FILL x006E
(3016) 0064  0000000001100100 (  29)                 .FILL x0064
(3017) 0061  0000000001100001 (  29)                 .FILL x0061
(3018) 0079  0000000001111001 (  29)                 .FILL x0079
(3019) 0020  0000000000100000 (  29)                 .FILL x0020
(301A) 0020  0000000000100000 (  29)                 .FILL x0020
(301B) 0020  0000000000100000 (  29)                 .FILL x0020
(301C) 0020  0000000000100000 (  29)                 .FILL x0020
(301D) 0000  0000000000000000 (  29)                 .FILL x0000
(301E) 004D  0000000001001101 (  30)                 .FILL x004D
(301F) 006F  0000000001101111 (  30)                 .FILL x006F
(3020) 006E  0000000001101110 (  30)                 .FILL x006E
(3021) 0064  0000000001100100 (  30)                 .FILL x0064
(3022) 0061  0000000001100001 (  30)                 .FILL x0061
(3023) 0079  0000000001111001 (  30)                 .FILL x0079
(3024) 0020  0000000000100000 (  30)                 .FILL x0020
(3025) 0020  0000000000100000 (  30)                 .FILL x0020
(3026) 0020  0000000000100000 (  30)                 .FILL x0020
(3027) 0000  0000000000000000 (  30)                 .FILL x0000
(3028) 0054  0000000001010100 (  31)                 .FILL x0054
(3029) 0075  0000000001110101 (  31)                 .FILL x0075
(302A) 0065  0000000001100101 (  31)                 .FILL x0065
(302B) 0073  0000000001110011 (  31)                 .FILL x0073
(302C) 0064  0000000001100100 (  31)                 .FILL x0064
(302D) 0061  0000000001100001 (  31)                 .FILL x0061
(302E) 0079  0000000001111001 (  31)                 .FILL x0079
(302F) 0020  0000000000100000 (  31)                 .FILL x0020
(3030) 0020  0000000000100000 (  31)                 .FILL x0020
(3031) 0000  0000000000000000 (  31)                 .FILL x0000
(3032) 0057  0000000001010111 (  32)                 .FILL x0057
(3033) 0065  0000000001100101 (  32)                 .FILL x0065
(3034) 0064  0000000001100100 (  32)                 .FILL x0064
(3035) 006E  0000000001101110 (  32)                 .FILL x006E
(3036) 0065  0000000001100101 (  32)                 .FILL x0065
(3037) 0073  0000000001110011 (  32)                 .FILL x0073
(3038) 0064  0000000001100100 (  32)                 .FILL x0064
(3039) 0061  0000000001100001 (  32)                 .FILL x0061
(303A) 0079  0000000001111001 (  32)                 .FILL x0079
(303B) 0000  0000000000000000 (  32)                 .FILL x0000
(303C) 0054  0000000001010100 (  33)                 .FILL x0054
(303D) 0068  0000000001101000 (  33)                 .FILL x0068
(303E) 0075  0000000001110101 (  33)                 .FILL x0075
(303F) 0072  0000000001110010 (  33)                 .FILL x0072
(3040) 0073  0000000001110011 (  33)                 .FILL x0073
(3041) 0064  0000000001100100 (  33)                 .FILL x0064
(3042) 0061  0000000001100001 (  33)                 .FILL x0061
(3043) 0079  0000000001111001 (  33)                 .FILL x0079
(3044) 0020  0000000000100000 (  33)                 .FILL x0020
(3045) 0000  0000000000000000 (  33)                 .FILL x0000
(3046) 0046  0000000001000110 (  34)                 .FILL x0046
(3047) 0072  0000000001110010 (  34)                 .FILL x0072
(3048) 0069  0000000001101001 (  34)                 .FILL x0069
(3049) 0064  0000000001100100 (  34)                 .FILL x0064
(304A) 0061  0000000001100001 (  34)                 .FILL x0061
(304B) 0079  0000000001111001 (  34)                 .FILL x0079
(304C) 0020  0000000000100000 (  34)                 .FILL x0020
(304D) 0020  0000000000100000 (  34)                 .FILL x0020
(304E) 0020  0000000000100000 (  34)                 .FILL x0020
(304F) 0000  0000000000000000 (  34)                 .FILL x0000
(3050) 0053  0000000001010011 (  35)                 .FILL x0053
(3051) 0061  0000000001100001 (  35)                 .FILL x0061
(3052) 0074  0000000001110100 (  35)                 .FILL x0074
(3053) 0075  0000000001110101 (  35)                 .FILL x0075
(3054) 0072  0000000001110010 (  35)                 .FILL x0072
(3055) 0064  0000000001100100 (  35)                 .FILL x0064
(3056) 0061  0000000001100001 (  35)                 .FILL x0061
(3057) 0079  0000000001111001 (  35)                 .FILL x0079
(3058) 0020  0000000000100000 (  35)                 .FILL x0020
(3059) 0000  0000000000000000 (  35)                 .FILL x0000
(305A) 000A  0000000000001010 (  37) BREAK           .FILL x000A
(305B) 0050  0000000001010000 (  39) INPUT           .FILL x0050
(305C) 006C  0000000001101100 (  39)                 .FILL x006C
(305D) 0065  0000000001100101 (  39)                 .FILL x0065
(305E) 0061  0000000001100001 (  39)                 .FILL x0061
(305F) 0073  0000000001110011 (  39)                 .FILL x0073
(3060) 0065  0000000001100101 (  39)                 .FILL x0065
(3061) 0020  0000000000100000 (  39)                 .FILL x0020
(3062) 0045  0000000001000101 (  39)                 .FILL x0045
(3063) 006E  0000000001101110 (  39)                 .FILL x006E
(3064) 0074  0000000001110100 (  39)                 .FILL x0074
(3065) 0065  0000000001100101 (  39)                 .FILL x0065
(3066) 0072  0000000001110010 (  39)                 .FILL x0072
(3067) 0020  0000000000100000 (  39)                 .FILL x0020
(3068) 004E  0000000001001110 (  39)                 .FILL x004E
(3069) 0075  0000000001110101 (  39)                 .FILL x0075
(306A) 006D  0000000001101101 (  39)                 .FILL x006D
(306B) 0062  0000000001100010 (  39)                 .FILL x0062
(306C) 0065  0000000001100101 (  39)                 .FILL x0065
(306D) 0072  0000000001110010 (  39)                 .FILL x0072
(306E) 0020  0000000000100000 (  39)                 .FILL x0020
(306F) 0028  0000000000101000 (  39)                 .FILL x0028
(3070) 0030  0000000000110000 (  39)                 .FILL x0030
(3071) 002D  0000000000101101 (  39)                 .FILL x002D
(3072) 0036  0000000000110110 (  39)                 .FILL x0036
(3073) 0029  0000000000101001 (  39)                 .FILL x0029
(3074) 003A  0000000000111010 (  39)                 .FILL x003A
(3075) 0000  0000000000000000 (  39)                 .FILL x0000
