(0000) 3000  0011000000000000 (   1)                 .ORIG x3000
(3000) E004  1110000000000100 (   2)                 LEA   R0 TITLE
(3001) F022  1111000000100010 (   3)                 TRAP  x22
(3002) F020  1111000000100000 (   4)                 TRAP  x20
(3003) F021  1111000000100001 (   5)                 TRAP  x21
(3004) F025  1111000000100101 (   6)                 TRAP  x25
(3005) 0050  0000000001010000 (   8) TITLE           .FILL x0050
(3006) 006C  0000000001101100 (   8)                 .FILL x006C
(3007) 0065  0000000001100101 (   8)                 .FILL x0065
(3008) 0061  0000000001100001 (   8)                 .FILL x0061
(3009) 0073  0000000001110011 (   8)                 .FILL x0073
(300A) 0065  0000000001100101 (   8)                 .FILL x0065
(300B) 0020  0000000000100000 (   8)                 .FILL x0020
(300C) 0065  0000000001100101 (   8)                 .FILL x0065
(300D) 006E  0000000001101110 (   8)                 .FILL x006E
(300E) 0074  0000000001110100 (   8)                 .FILL x0074
(300F) 0065  0000000001100101 (   8)                 .FILL x0065
(3010) 0072  0000000001110010 (   8)                 .FILL x0072
(3011) 0020  0000000000100000 (   8)                 .FILL x0020
(3012) 0061  0000000001100001 (   8)                 .FILL x0061
(3013) 0020  0000000000100000 (   8)                 .FILL x0020
(3014) 006E  0000000001101110 (   8)                 .FILL x006E
(3015) 006F  0000000001101111 (   8)                 .FILL x006F
(3016) 0020  0000000000100000 (   8)                 .FILL x0020
(3017) 0028  0000000000101000 (   8)                 .FILL x0028
(3018) 0030  0000000000110000 (   8)                 .FILL x0030
(3019) 002D  0000000000101101 (   8)                 .FILL x002D
(301A) 0036  0000000000110110 (   8)                 .FILL x0036
(301B) 0029  0000000000101001 (   8)                 .FILL x0029
(301C) 0000  0000000000000000 (   8)                 .FILL x0000
