(0000) 3000  0011000000000000 (   1)                 .ORIG x3000
(3000) A2A1  1010001010100001 (   2)                 LDI   R1 X
(3001) 127E  0001001001111110 (   3)                 ADD   R1 R1 #-2
(3002) 0204  0000001000000100 (   4)                 BRP   XJANXFEB
(3003) 126C  0001001001101100 (   5)                 ADD   R1 R1 #12
(3004) A09F  1010000010011111 (   6)                 LDI   R0 C
(3005) 103F  0001000000111111 (   7)                 ADD   R0 R0 #-1
(3006) B09D  1011000010011101 (   8)                 STI   R0 C
(3007) B29F  1011001010011111 (  12) XJANXFEB        STI   R1 M
(3008) 5020  0101000000100000 (  13)                 AND   R0 R0 #0
(3009) 102D  0001000000101101 (  14)                 ADD   R0 R0 #13
(300A) 482A  0100100000101010 (  16)                 JSR   MULTIPLY
(300B) 14BF  0001010010111111 (  17)                 ADD   R2 R2 #-1
(300C) B49B  1011010010011011 (  18)                 STI   R2 REVISEDMONTH
(300D) 10A0  0001000010100000 (  19)                 ADD   R0 R2 #0
(300E) 5260  0101001001100000 (  20)                 AND   R1 R1 #0
(300F) 1265  0001001001100101 (  21)                 ADD   R1 R1 #5
(3010) 482B  0100100000101011 (  23)                 JSR   DIVIDE
(3011) B497  1011010010010111 (  24)                 STI   R2 MONQUOTIENT
(3012) A091  1010000010010001 (  25)                 LDI   R0 C
(3013) 5260  0101001001100000 (  26)                 AND   R1 R1 #0
(3014) 126F  0001001001101111 (  27)                 ADD   R1 R1 #15
(3015) 126F  0001001001101111 (  28)                 ADD   R1 R1 #15
(3016) 126F  0001001001101111 (  29)                 ADD   R1 R1 #15
(3017) 126F  0001001001101111 (  30)                 ADD   R1 R1 #15
(3018) 126F  0001001001101111 (  31)                 ADD   R1 R1 #15
(3019) 126F  0001001001101111 (  32)                 ADD   R1 R1 #15
(301A) 126A  0001001001101010 (  33)                 ADD   R1 R1 #10
(301B) 4820  0100100000100000 (  35)                 JSR   DIVIDE
(301C) B090  1011000010010000 (  36)                 STI   R0 D
(301D) B490  1011010010010000 (  37)                 STI   R2 REVISEDCENT
(301E) A08E  1010000010001110 (  38)                 LDI   R0 D
(301F) 5260  0101001001100000 (  39)                 AND   R1 R1 #0
(3020) 1264  0001001001100100 (  40)                 ADD   R1 R1 #4
(3021) 481A  0100100000011010 (  42)                 JSR   DIVIDE
(3022) B487  1011010010000111 (  43)                 STI   R2 LASTNUMQUOTIENT
(3023) 5260  0101001001100000 (  44)                 AND   R1 R1 #0
(3024) 1264  0001001001100100 (  45)                 ADD   R1 R1 #4
(3025) 4816  0100100000010110 (  47)                 JSR   DIVIDE
(3026) B484  1011010010000100 (  48)                 STI   R2 CENTQUOTIENT
(3027) 4824  0100100000100100 (  50)                 JSR   ZELEQ
(3028) B083  1011000010000011 (  51)                 STI   R0 F
(3029) 5260  0101001001100000 (  52)                 AND   R1 R1 #0
(302A) 1267  0001001001100111 (  53)                 ADD   R1 R1 #7
(302B) 4810  0100100000010000 (  55)                 JSR   DIVIDE
(302C) B078  1011000001111000 (  56)                 STI   R0 FMODULO
(302D) 1220  0001001000100000 (  57)                 ADD   R1 R0 #0
(302E) E02D  1110000000101101 (  58)                 LEA   R0 DAYS
(302F) 127F  0001001001111111 (  61) LOOP            ADD   R1 R1 #-1
(3030) 0802  0000100000000010 (  62)                 BRN   DISPLAY
(3031) 102A  0001000000101010 (  63)                 ADD   R0 R0 #10
(3032) 0FFC  0000111111111100 (  64)                 BRNZP LOOP
(3033) F022  1111000000100010 (  65) DISPLAY         TRAP  x22
(3034) F025  1111000000100101 (  66)                 TRAP  x25
(3035) 0C25  0000110000100101 (  69) MULTIPLY        BRNZ  END
(3036) 54A0  0101010010100000 (  70)                 AND   R2 R2 #0
(3037) 1480  0001010010000000 (  73) MULTIPLYLOOP    ADD   R2 R2 R0
(3038) 127F  0001001001111111 (  74)                 ADD   R1 R1 #-1
(3039) 03FD  0000001111111101 (  75)                 BRP   MULTIPLYLOOP
(303A) 0820  0000100000100000 (  76)                 BRN   END
(303B) C1C0  1100000111000000 (  77)                 RET   
(303C) 081E  0000100000011110 (  80) DIVIDE          BRN   END
(303D) 927F  1001001001111111 (  81)                 NOT   R1 R1
(303E) 927F  1001001001111111 (  82)                 NOT   R1 R1
(303F) 1261  0001001001100001 (  83)                 ADD   R1 R1 #1
(3040) 54A0  0101010010100000 (  84)                 AND   R2 R2 #0
(3041) 1001  0001000000000001 (  87) DIVIDELOOP      ADD   R0 R0 R1
(3042) 0805  0000100000000101 (  88)                 BRN   QUOTEND1
(3043) 0402  0000010000000010 (  89)                 BRZ   QUOTEND2
(3044) 14A1  0001010010100001 (  90)                 ADD   R2 R2 #1
(3045) 0FFB  0000111111111011 (  91)                 BRNZP DIVIDELOOP
(3046) 14A1  0001010010100001 (  94) QUOTEND2        ADD   R2 R2 #1
(3047) 1001  0001000000000001 (  95)                 ADD   R0 R0 R1
(3048) 927F  1001001001111111 (  98) QUOTEND1        NOT   R1 R1
(3049) 1261  0001001001100001 (  99)                 ADD   R1 R1 #1
(304A) 1001  0001000000000001 ( 100)                 ADD   R0 R0 R1
(304B) C1C0  1100000111000000 ( 101)                 RET   
(304C) A056  1010000001010110 ( 104) ZELEQ           LDI   R0 K
(304D) A25B  1010001001011011 ( 105)                 LDI   R1 MONQUOTIENT
(304E) 1001  0001000000000001 ( 106)                 ADD   R0 R0 R1
(304F) A25D  1010001001011101 ( 107)                 LDI   R1 D
(3050) 1001  0001000000000001 ( 108)                 ADD   R0 R0 R1
(3051) A258  1010001001011000 ( 109)                 LDI   R1 LASTNUMQUOTIENT
(3052) 1001  0001000000000001 ( 110)                 ADD   R0 R0 R1
(3053) A257  1010001001010111 ( 111)                 LDI   R1 CENTQUOTIENT
(3054) 1001  0001000000000001 ( 112)                 ADD   R0 R0 R1
(3055) A258  1010001001011000 ( 113)                 LDI   R1 REVISEDCENT
(3056) 1241  0001001001000001 ( 114)                 ADD   R1 R1 R1
(3057) 927F  1001001001111111 ( 115)                 NOT   R1 R1
(3058) 1261  0001001001100001 ( 116)                 ADD   R1 R1 #1
(3059) 1001  0001000000000001 ( 117)                 ADD   R0 R0 R1
(305A) C1C0  1100000111000000 ( 118)                 RET   
(305B) F025  1111000000100101 ( 119) END             TRAP  x25
(305C) 0053  0000000001010011 ( 122) DAYS            .FILL x0053
(305D) 0075  0000000001110101 ( 122)                 .FILL x0075
(305E) 006E  0000000001101110 ( 122)                 .FILL x006E
(305F) 0064  0000000001100100 ( 122)                 .FILL x0064
(3060) 0061  0000000001100001 ( 122)                 .FILL x0061
(3061) 0079  0000000001111001 ( 122)                 .FILL x0079
(3062) 0020  0000000000100000 ( 122)                 .FILL x0020
(3063) 0020  0000000000100000 ( 122)                 .FILL x0020
(3064) 0020  0000000000100000 ( 122)                 .FILL x0020
(3065) 0000  0000000000000000 ( 122)                 .FILL x0000
(3066) 004D  0000000001001101 ( 123)                 .FILL x004D
(3067) 006F  0000000001101111 ( 123)                 .FILL x006F
(3068) 006E  0000000001101110 ( 123)                 .FILL x006E
(3069) 0064  0000000001100100 ( 123)                 .FILL x0064
(306A) 0061  0000000001100001 ( 123)                 .FILL x0061
(306B) 0079  0000000001111001 ( 123)                 .FILL x0079
(306C) 0020  0000000000100000 ( 123)                 .FILL x0020
(306D) 0020  0000000000100000 ( 123)                 .FILL x0020
(306E) 0020  0000000000100000 ( 123)                 .FILL x0020
(306F) 0000  0000000000000000 ( 123)                 .FILL x0000
(3070) 0054  0000000001010100 ( 124)                 .FILL x0054
(3071) 0075  0000000001110101 ( 124)                 .FILL x0075
(3072) 0065  0000000001100101 ( 124)                 .FILL x0065
(3073) 0073  0000000001110011 ( 124)                 .FILL x0073
(3074) 0064  0000000001100100 ( 124)                 .FILL x0064
(3075) 0061  0000000001100001 ( 124)                 .FILL x0061
(3076) 0079  0000000001111001 ( 124)                 .FILL x0079
(3077) 0020  0000000000100000 ( 124)                 .FILL x0020
(3078) 0020  0000000000100000 ( 124)                 .FILL x0020
(3079) 0000  0000000000000000 ( 124)                 .FILL x0000
(307A) 0057  0000000001010111 ( 125)                 .FILL x0057
(307B) 0065  0000000001100101 ( 125)                 .FILL x0065
(307C) 0064  0000000001100100 ( 125)                 .FILL x0064
(307D) 006E  0000000001101110 ( 125)                 .FILL x006E
(307E) 0065  0000000001100101 ( 125)                 .FILL x0065
(307F) 0073  0000000001110011 ( 125)                 .FILL x0073
(3080) 0064  0000000001100100 ( 125)                 .FILL x0064
(3081) 0061  0000000001100001 ( 125)                 .FILL x0061
(3082) 0079  0000000001111001 ( 125)                 .FILL x0079
(3083) 0000  0000000000000000 ( 125)                 .FILL x0000
(3084) 0054  0000000001010100 ( 126)                 .FILL x0054
(3085) 0068  0000000001101000 ( 126)                 .FILL x0068
(3086) 0075  0000000001110101 ( 126)                 .FILL x0075
(3087) 0072  0000000001110010 ( 126)                 .FILL x0072
(3088) 0073  0000000001110011 ( 126)                 .FILL x0073
(3089) 0064  0000000001100100 ( 126)                 .FILL x0064
(308A) 0061  0000000001100001 ( 126)                 .FILL x0061
(308B) 0079  0000000001111001 ( 126)                 .FILL x0079
(308C) 0020  0000000000100000 ( 126)                 .FILL x0020
(308D) 0000  0000000000000000 ( 126)                 .FILL x0000
(308E) 0046  0000000001000110 ( 127)                 .FILL x0046
(308F) 0072  0000000001110010 ( 127)                 .FILL x0072
(3090) 0069  0000000001101001 ( 127)                 .FILL x0069
(3091) 0064  0000000001100100 ( 127)                 .FILL x0064
(3092) 0061  0000000001100001 ( 127)                 .FILL x0061
(3093) 0079  0000000001111001 ( 127)                 .FILL x0079
(3094) 0020  0000000000100000 ( 127)                 .FILL x0020
(3095) 0020  0000000000100000 ( 127)                 .FILL x0020
(3096) 0020  0000000000100000 ( 127)                 .FILL x0020
(3097) 0000  0000000000000000 ( 127)                 .FILL x0000
(3098) 0053  0000000001010011 ( 128)                 .FILL x0053
(3099) 0061  0000000001100001 ( 128)                 .FILL x0061
(309A) 0074  0000000001110100 ( 128)                 .FILL x0074
(309B) 0075  0000000001110101 ( 128)                 .FILL x0075
(309C) 0072  0000000001110010 ( 128)                 .FILL x0072
(309D) 0064  0000000001100100 ( 128)                 .FILL x0064
(309E) 0061  0000000001100001 ( 128)                 .FILL x0061
(309F) 0079  0000000001111001 ( 128)                 .FILL x0079
(30A0) 0020  0000000000100000 ( 128)                 .FILL x0020
(30A1) 0000  0000000000000000 ( 128)                 .FILL x0000
(30A2) 3200  0011001000000000 ( 130) X               .FILL x3200
(30A3) 3201  0011001000000001 ( 131) K               .FILL x3201
(30A4) 3202  0011001000000010 ( 132) C               .FILL x3202
(30A5) 3203  0011001000000011 ( 133) FMODULO         .FILL x3203
(30A6) 3204  0011001000000100 ( 134) R               .FILL x3204
(30A7) 3205  0011001000000101 ( 135) M               .FILL x3205
(30A8) 31F6  0011000111110110 ( 136) REVISEDMONTH    .FILL x31F6
(30A9) 3103  0011000100000011 ( 137) MONQUOTIENT     .FILL x3103
(30AA) 3104  0011000100000100 ( 138) LASTNUMQUOTIENT .FILL x3104
(30AB) 3105  0011000100000101 ( 139) CENTQUOTIENT    .FILL x3105
(30AC) 3106  0011000100000110 ( 140) F               .FILL x3106
(30AD) 3017  0011000000010111 ( 141) D               .FILL x3017
(30AE) 3018  0011000000011000 ( 142) REVISEDCENT     .FILL x3018
