(0000) 3000  0011000000000000 (   1)                 .ORIG x3000
(3000) A2A7  1010001010100111 (   2)                 LDI   R1 X
(3001) 127E  0001001001111110 (   3)                 ADD   R1 R1 #-2
(3002) 0204  0000001000000100 (   4)                 BRP   XJANXFEB
(3003) 126C  0001001001101100 (   5)                 ADD   R1 R1 #12
(3004) A0A5  1010000010100101 (   6)                 LDI   R0 C
(3005) 103F  0001000000111111 (   7)                 ADD   R0 R0 #-1
(3006) B0A3  1011000010100011 (   8)                 STI   R0 C
(3007) B2A5  1011001010100101 (  12) XJANXFEB        STI   R1 M
(3008) 5020  0101000000100000 (  13)                 AND   R0 R0 #0
(3009) 102D  0001000000101101 (  14)                 ADD   R0 R0 #13
(300A) 482B  0100100000101011 (  16)                 JSR   MULTIPLY
(300B) 14BF  0001010010111111 (  17)                 ADD   R2 R2 #-1
(300C) B4A1  1011010010100001 (  18)                 STI   R2 REVISEDMONTH
(300D) 10A0  0001000010100000 (  19)                 ADD   R0 R2 #0
(300E) 5260  0101001001100000 (  20)                 AND   R1 R1 #0
(300F) 1265  0001001001100101 (  21)                 ADD   R1 R1 #5
(3010) 482F  0100100000101111 (  23)                 JSR   DIVIDE
(3011) B49D  1011010010011101 (  24)                 STI   R2 MONQUOTIENT
(3012) A097  1010000010010111 (  25)                 LDI   R0 C
(3013) 5260  0101001001100000 (  26)                 AND   R1 R1 #0
(3014) 126F  0001001001101111 (  27)                 ADD   R1 R1 #15
(3015) 126F  0001001001101111 (  28)                 ADD   R1 R1 #15
(3016) 126F  0001001001101111 (  29)                 ADD   R1 R1 #15
(3017) 126F  0001001001101111 (  30)                 ADD   R1 R1 #15
(3018) 126F  0001001001101111 (  31)                 ADD   R1 R1 #15
(3019) 126F  0001001001101111 (  32)                 ADD   R1 R1 #15
(301A) 126A  0001001001101010 (  33)                 ADD   R1 R1 #10
(301B) 4824  0100100000100100 (  35)                 JSR   DIVIDE
(301C) B096  1011000010010110 (  36)                 STI   R0 D
(301D) B496  1011010010010110 (  37)                 STI   R2 REVISEDCENT
(301E) A094  1010000010010100 (  38)                 LDI   R0 D
(301F) 5260  0101001001100000 (  39)                 AND   R1 R1 #0
(3020) 1264  0001001001100100 (  40)                 ADD   R1 R1 #4
(3021) 481E  0100100000011110 (  42)                 JSR   DIVIDE
(3022) B48D  1011010010001101 (  43)                 STI   R2 LASTNUMQUOTIENT
(3023) A090  1010000010010000 (  44)                 LDI   R0 REVISEDCENT
(3024) 5260  0101001001100000 (  45)                 AND   R1 R1 #0
(3025) 1264  0001001001100100 (  46)                 ADD   R1 R1 #4
(3026) 4819  0100100000011001 (  48)                 JSR   DIVIDE
(3027) B489  1011010010001001 (  49)                 STI   R2 CENTQUOTIENT
(3028) 4829  0100100000101001 (  51)                 JSR   ZELEQ
(3029) B088  1011000010001000 (  52)                 STI   R0 F
(302A) 5260  0101001001100000 (  53)                 AND   R1 R1 #0
(302B) 1267  0001001001100111 (  54)                 ADD   R1 R1 #7
(302C) 4813  0100100000010011 (  56)                 JSR   DIVIDE
(302D) B07D  1011000001111101 (  57)                 STI   R0 FMODULO
(302E) 123A  0001001000111010 (  58)                 ADD   R1 R0 #-6
(302F) E032  1110000000110010 (  59)                 LEA   R0 DAYS
(3030) 127F  0001001001111111 (  62) LOOP            ADD   R1 R1 #-1
(3031) 0802  0000100000000010 (  63)                 BRN   DISPLAY
(3032) 102A  0001000000101010 (  64)                 ADD   R0 R0 #10
(3033) 0FFC  0000111111111100 (  65)                 BRNZP LOOP
(3034) F022  1111000000100010 (  66) DISPLAY         TRAP  x22
(3035) F025  1111000000100101 (  67)                 TRAP  x25
(3036) 1020  0001000000100000 (  70) MULTIPLY        ADD   R0 R0 #0
(3037) 0C29  0000110000101001 (  71)                 BRNZ  END
(3038) 1260  0001001001100000 (  72)                 ADD   R1 R1 #0
(3039) 0C27  0000110000100111 (  73)                 BRNZ  END
(303A) 54A0  0101010010100000 (  74)                 AND   R2 R2 #0
(303B) 1480  0001010010000000 (  77) MULTIPLYLOOP    ADD   R2 R2 R0
(303C) 127F  0001001001111111 (  78)                 ADD   R1 R1 #-1
(303D) 03FD  0000001111111101 (  79)                 BRP   MULTIPLYLOOP
(303E) 0822  0000100000100010 (  80)                 BRN   END
(303F) C1C0  1100000111000000 (  81)                 RET   
(3040) 1020  0001000000100000 (  84) DIVIDE          ADD   R0 R0 #0
(3041) 081F  0000100000011111 (  85)                 BRN   END
(3042) 1260  0001001001100000 (  86)                 ADD   R1 R1 #0
(3043) 0C1D  0000110000011101 (  87)                 BRNZ  END
(3044) 927F  1001001001111111 (  88)                 NOT   R1 R1
(3045) 1261  0001001001100001 (  89)                 ADD   R1 R1 #1
(3046) 54A0  0101010010100000 (  90)                 AND   R2 R2 #0
(3047) 1001  0001000000000001 (  93) DIVIDELOOP      ADD   R0 R0 R1
(3048) 0805  0000100000000101 (  94)                 BRN   QUOTEND1
(3049) 0402  0000010000000010 (  95)                 BRZ   QUOTEND2
(304A) 14A1  0001010010100001 (  96)                 ADD   R2 R2 #1
(304B) 0FFB  0000111111111011 (  97)                 BRNZP DIVIDELOOP
(304C) 14A1  0001010010100001 ( 100) QUOTEND2        ADD   R2 R2 #1
(304D) 1001  0001000000000001 ( 101)                 ADD   R0 R0 R1
(304E) 927F  1001001001111111 ( 104) QUOTEND1        NOT   R1 R1
(304F) 1261  0001001001100001 ( 105)                 ADD   R1 R1 #1
(3050) 1001  0001000000000001 ( 106)                 ADD   R0 R0 R1
(3051) C1C0  1100000111000000 ( 107)                 RET   
(3052) A056  1010000001010110 ( 110) ZELEQ           LDI   R0 K
(3053) A25B  1010001001011011 ( 111)                 LDI   R1 MONQUOTIENT
(3054) 1001  0001000000000001 ( 112)                 ADD   R0 R0 R1
(3055) A25D  1010001001011101 ( 113)                 LDI   R1 D
(3056) 1001  0001000000000001 ( 114)                 ADD   R0 R0 R1
(3057) A258  1010001001011000 ( 115)                 LDI   R1 LASTNUMQUOTIENT
(3058) 1001  0001000000000001 ( 116)                 ADD   R0 R0 R1
(3059) A257  1010001001010111 ( 117)                 LDI   R1 CENTQUOTIENT
(305A) 1001  0001000000000001 ( 118)                 ADD   R0 R0 R1
(305B) A258  1010001001011000 ( 119)                 LDI   R1 REVISEDCENT
(305C) 1241  0001001001000001 ( 120)                 ADD   R1 R1 R1
(305D) 927F  1001001001111111 ( 121)                 NOT   R1 R1
(305E) 1261  0001001001100001 ( 122)                 ADD   R1 R1 #1
(305F) 1001  0001000000000001 ( 123)                 ADD   R0 R0 R1
(3060) C1C0  1100000111000000 ( 124)                 RET   
(3061) F025  1111000000100101 ( 125) END             TRAP  x25
(3062) 0053  0000000001010011 ( 127) DAYS            .FILL x0053
(3063) 0075  0000000001110101 ( 127)                 .FILL x0075
(3064) 006E  0000000001101110 ( 127)                 .FILL x006E
(3065) 0064  0000000001100100 ( 127)                 .FILL x0064
(3066) 0061  0000000001100001 ( 127)                 .FILL x0061
(3067) 0079  0000000001111001 ( 127)                 .FILL x0079
(3068) 0020  0000000000100000 ( 127)                 .FILL x0020
(3069) 0020  0000000000100000 ( 127)                 .FILL x0020
(306A) 0020  0000000000100000 ( 127)                 .FILL x0020
(306B) 0000  0000000000000000 ( 127)                 .FILL x0000
(306C) 004D  0000000001001101 ( 128)                 .FILL x004D
(306D) 006F  0000000001101111 ( 128)                 .FILL x006F
(306E) 006E  0000000001101110 ( 128)                 .FILL x006E
(306F) 0064  0000000001100100 ( 128)                 .FILL x0064
(3070) 0061  0000000001100001 ( 128)                 .FILL x0061
(3071) 0079  0000000001111001 ( 128)                 .FILL x0079
(3072) 0020  0000000000100000 ( 128)                 .FILL x0020
(3073) 0020  0000000000100000 ( 128)                 .FILL x0020
(3074) 0020  0000000000100000 ( 128)                 .FILL x0020
(3075) 0000  0000000000000000 ( 128)                 .FILL x0000
(3076) 0054  0000000001010100 ( 129)                 .FILL x0054
(3077) 0075  0000000001110101 ( 129)                 .FILL x0075
(3078) 0065  0000000001100101 ( 129)                 .FILL x0065
(3079) 0073  0000000001110011 ( 129)                 .FILL x0073
(307A) 0064  0000000001100100 ( 129)                 .FILL x0064
(307B) 0061  0000000001100001 ( 129)                 .FILL x0061
(307C) 0079  0000000001111001 ( 129)                 .FILL x0079
(307D) 0020  0000000000100000 ( 129)                 .FILL x0020
(307E) 0020  0000000000100000 ( 129)                 .FILL x0020
(307F) 0000  0000000000000000 ( 129)                 .FILL x0000
(3080) 0057  0000000001010111 ( 130)                 .FILL x0057
(3081) 0065  0000000001100101 ( 130)                 .FILL x0065
(3082) 0064  0000000001100100 ( 130)                 .FILL x0064
(3083) 006E  0000000001101110 ( 130)                 .FILL x006E
(3084) 0065  0000000001100101 ( 130)                 .FILL x0065
(3085) 0073  0000000001110011 ( 130)                 .FILL x0073
(3086) 0064  0000000001100100 ( 130)                 .FILL x0064
(3087) 0061  0000000001100001 ( 130)                 .FILL x0061
(3088) 0079  0000000001111001 ( 130)                 .FILL x0079
(3089) 0000  0000000000000000 ( 130)                 .FILL x0000
(308A) 0054  0000000001010100 ( 131)                 .FILL x0054
(308B) 0068  0000000001101000 ( 131)                 .FILL x0068
(308C) 0075  0000000001110101 ( 131)                 .FILL x0075
(308D) 0072  0000000001110010 ( 131)                 .FILL x0072
(308E) 0073  0000000001110011 ( 131)                 .FILL x0073
(308F) 0064  0000000001100100 ( 131)                 .FILL x0064
(3090) 0061  0000000001100001 ( 131)                 .FILL x0061
(3091) 0079  0000000001111001 ( 131)                 .FILL x0079
(3092) 0020  0000000000100000 ( 131)                 .FILL x0020
(3093) 0000  0000000000000000 ( 131)                 .FILL x0000
(3094) 0046  0000000001000110 ( 132)                 .FILL x0046
(3095) 0072  0000000001110010 ( 132)                 .FILL x0072
(3096) 0069  0000000001101001 ( 132)                 .FILL x0069
(3097) 0064  0000000001100100 ( 132)                 .FILL x0064
(3098) 0061  0000000001100001 ( 132)                 .FILL x0061
(3099) 0079  0000000001111001 ( 132)                 .FILL x0079
(309A) 0020  0000000000100000 ( 132)                 .FILL x0020
(309B) 0020  0000000000100000 ( 132)                 .FILL x0020
(309C) 0020  0000000000100000 ( 132)                 .FILL x0020
(309D) 0000  0000000000000000 ( 132)                 .FILL x0000
(309E) 0053  0000000001010011 ( 133)                 .FILL x0053
(309F) 0061  0000000001100001 ( 133)                 .FILL x0061
(30A0) 0074  0000000001110100 ( 133)                 .FILL x0074
(30A1) 0075  0000000001110101 ( 133)                 .FILL x0075
(30A2) 0072  0000000001110010 ( 133)                 .FILL x0072
(30A3) 0064  0000000001100100 ( 133)                 .FILL x0064
(30A4) 0061  0000000001100001 ( 133)                 .FILL x0061
(30A5) 0079  0000000001111001 ( 133)                 .FILL x0079
(30A6) 0020  0000000000100000 ( 133)                 .FILL x0020
(30A7) 0000  0000000000000000 ( 133)                 .FILL x0000
(30A8) 3200  0011001000000000 ( 135) X               .FILL x3200
(30A9) 3201  0011001000000001 ( 136) K               .FILL x3201
(30AA) 3202  0011001000000010 ( 137) C               .FILL x3202
(30AB) 3203  0011001000000011 ( 138) FMODULO         .FILL x3203
(30AC) 3204  0011001000000100 ( 139) R               .FILL x3204
(30AD) 3205  0011001000000101 ( 140) M               .FILL x3205
(30AE) 31F6  0011000111110110 ( 141) REVISEDMONTH    .FILL x31F6
(30AF) 3103  0011000100000011 ( 142) MONQUOTIENT     .FILL x3103
(30B0) 3104  0011000100000100 ( 143) LASTNUMQUOTIENT .FILL x3104
(30B1) 3105  0011000100000101 ( 144) CENTQUOTIENT    .FILL x3105
(30B2) 3106  0011000100000110 ( 145) F               .FILL x3106
(30B3) 3017  0011000000010111 ( 146) D               .FILL x3017
(30B4) 3018  0011000000011000 ( 147) REVISEDCENT     .FILL x3018
