(0000) 3000  0011000000000000 (   1)                 .ORIG x3000
(3000) E00B  1110000000001011 (   2) START           LEA   R0 INPUT
(3001) F022  1111000000100010 (   3)                 TRAP  x22
(3002) F020  1111000000100000 (   5)                 TRAP  x20
(3003) 1620  0001011000100000 (   6)                 ADD   R3 R0 #0
(3004) 16F0  0001011011110000 (   7)                 ADD   R3 R3 #-16
(3005) 16F0  0001011011110000 (   8)                 ADD   R3 R3 #-16
(3006) 16F0  0001011011110000 (   9)                 ADD   R3 R3 #-16
(3007) 18E0  0001100011100000 (  11)                 ADD   R4 R3 #0
(3008) 993F  1001100100111111 (  12)                 NOT   R4 R4
(3009) 1927  0001100100100111 (  13)                 ADD   R4 R4 #7
(300A) 0823  0000100000100011 (  14)                 BRN   END
(300B) E023  1110000000100011 (  16)                 LEA   R0 DAYS
(300C) 0050  0000000001010000 (  18) INPUT           .FILL x0050
(300D) 006C  0000000001101100 (  18)                 .FILL x006C
(300E) 0065  0000000001100101 (  18)                 .FILL x0065
(300F) 0061  0000000001100001 (  18)                 .FILL x0061
(3010) 0073  0000000001110011 (  18)                 .FILL x0073
(3011) 0065  0000000001100101 (  18)                 .FILL x0065
(3012) 0020  0000000000100000 (  18)                 .FILL x0020
(3013) 0045  0000000001000101 (  18)                 .FILL x0045
(3014) 006E  0000000001101110 (  18)                 .FILL x006E
(3015) 0074  0000000001110100 (  18)                 .FILL x0074
(3016) 0065  0000000001100101 (  18)                 .FILL x0065
(3017) 0072  0000000001110010 (  18)                 .FILL x0072
(3018) 0020  0000000000100000 (  18)                 .FILL x0020
(3019) 004E  0000000001001110 (  18)                 .FILL x004E
(301A) 0075  0000000001110101 (  18)                 .FILL x0075
(301B) 006D  0000000001101101 (  18)                 .FILL x006D
(301C) 0062  0000000001100010 (  18)                 .FILL x0062
(301D) 0065  0000000001100101 (  18)                 .FILL x0065
(301E) 0072  0000000001110010 (  18)                 .FILL x0072
(301F) 0020  0000000000100000 (  18)                 .FILL x0020
(3020) 0028  0000000000101000 (  18)                 .FILL x0028
(3021) 0030  0000000000110000 (  18)                 .FILL x0030
(3022) 002D  0000000000101101 (  18)                 .FILL x002D
(3023) 0036  0000000000110110 (  18)                 .FILL x0036
(3024) 0029  0000000000101001 (  18)                 .FILL x0029
(3025) 003A  0000000000111010 (  18)                 .FILL x003A
(3026) 0000  0000000000000000 (  18)                 .FILL x0000
(3027) E007  1110000000000111 (  20)                 LEA   R0 DAYS
(3028) 0403  0000010000000011 (  22) LOOP            BRZ   DISPLAY
(3029) 102A  0001000000101010 (  23)                 ADD   R0 R0 #10
(302A) 16FF  0001011011111111 (  24)                 ADD   R3 R3 #-1
(302B) 0FFC  0000111111111100 (  25)                 BRNZP LOOP
(302C) F022  1111000000100010 (  27) DISPLAY         TRAP  x22
(302D) 0FD2  0000111111010010 (  28)                 BRNZP START
(302E) F025  1111000000100101 (  30) END             TRAP  x25
(302F) 0053  0000000001010011 (  32) DAYS            .FILL x0053
(3030) 0075  0000000001110101 (  32)                 .FILL x0075
(3031) 006E  0000000001101110 (  32)                 .FILL x006E
(3032) 0064  0000000001100100 (  32)                 .FILL x0064
(3033) 0061  0000000001100001 (  32)                 .FILL x0061
(3034) 0079  0000000001111001 (  32)                 .FILL x0079
(3035) 0020  0000000000100000 (  32)                 .FILL x0020
(3036) 0020  0000000000100000 (  32)                 .FILL x0020
(3037) 0020  0000000000100000 (  32)                 .FILL x0020
(3038) 0000  0000000000000000 (  32)                 .FILL x0000
(3039) 004D  0000000001001101 (  33)                 .FILL x004D
(303A) 006F  0000000001101111 (  33)                 .FILL x006F
(303B) 006E  0000000001101110 (  33)                 .FILL x006E
(303C) 0064  0000000001100100 (  33)                 .FILL x0064
(303D) 0061  0000000001100001 (  33)                 .FILL x0061
(303E) 0079  0000000001111001 (  33)                 .FILL x0079
(303F) 0020  0000000000100000 (  33)                 .FILL x0020
(3040) 0020  0000000000100000 (  33)                 .FILL x0020
(3041) 0020  0000000000100000 (  33)                 .FILL x0020
(3042) 0000  0000000000000000 (  33)                 .FILL x0000
(3043) 0054  0000000001010100 (  34)                 .FILL x0054
(3044) 0075  0000000001110101 (  34)                 .FILL x0075
(3045) 0065  0000000001100101 (  34)                 .FILL x0065
(3046) 0073  0000000001110011 (  34)                 .FILL x0073
(3047) 0064  0000000001100100 (  34)                 .FILL x0064
(3048) 0061  0000000001100001 (  34)                 .FILL x0061
(3049) 0079  0000000001111001 (  34)                 .FILL x0079
(304A) 0020  0000000000100000 (  34)                 .FILL x0020
(304B) 0020  0000000000100000 (  34)                 .FILL x0020
(304C) 0000  0000000000000000 (  34)                 .FILL x0000
(304D) 0057  0000000001010111 (  35)                 .FILL x0057
(304E) 0065  0000000001100101 (  35)                 .FILL x0065
(304F) 0064  0000000001100100 (  35)                 .FILL x0064
(3050) 006E  0000000001101110 (  35)                 .FILL x006E
(3051) 0065  0000000001100101 (  35)                 .FILL x0065
(3052) 0073  0000000001110011 (  35)                 .FILL x0073
(3053) 0064  0000000001100100 (  35)                 .FILL x0064
(3054) 0061  0000000001100001 (  35)                 .FILL x0061
(3055) 0079  0000000001111001 (  35)                 .FILL x0079
(3056) 0000  0000000000000000 (  35)                 .FILL x0000
(3057) 0054  0000000001010100 (  36)                 .FILL x0054
(3058) 0068  0000000001101000 (  36)                 .FILL x0068
(3059) 0075  0000000001110101 (  36)                 .FILL x0075
(305A) 0072  0000000001110010 (  36)                 .FILL x0072
(305B) 0073  0000000001110011 (  36)                 .FILL x0073
(305C) 0064  0000000001100100 (  36)                 .FILL x0064
(305D) 0061  0000000001100001 (  36)                 .FILL x0061
(305E) 0079  0000000001111001 (  36)                 .FILL x0079
(305F) 0020  0000000000100000 (  36)                 .FILL x0020
(3060) 0000  0000000000000000 (  36)                 .FILL x0000
(3061) 0046  0000000001000110 (  37)                 .FILL x0046
(3062) 0072  0000000001110010 (  37)                 .FILL x0072
(3063) 0069  0000000001101001 (  37)                 .FILL x0069
(3064) 0064  0000000001100100 (  37)                 .FILL x0064
(3065) 0061  0000000001100001 (  37)                 .FILL x0061
(3066) 0079  0000000001111001 (  37)                 .FILL x0079
(3067) 0020  0000000000100000 (  37)                 .FILL x0020
(3068) 0020  0000000000100000 (  37)                 .FILL x0020
(3069) 0020  0000000000100000 (  37)                 .FILL x0020
(306A) 0000  0000000000000000 (  37)                 .FILL x0000
(306B) 0053  0000000001010011 (  38)                 .FILL x0053
(306C) 0061  0000000001100001 (  38)                 .FILL x0061
(306D) 0074  0000000001110100 (  38)                 .FILL x0074
(306E) 0075  0000000001110101 (  38)                 .FILL x0075
(306F) 0072  0000000001110010 (  38)                 .FILL x0072
(3070) 0064  0000000001100100 (  38)                 .FILL x0064
(3071) 0061  0000000001100001 (  38)                 .FILL x0061
(3072) 0079  0000000001111001 (  38)                 .FILL x0079
(3073) 0020  0000000000100000 (  38)                 .FILL x0020
(3074) 0000  0000000000000000 (  38)                 .FILL x0000
