(0000) 3000  0011000000000000 (   2)                 .ORIG x3000
(3000) A232  1010001000110010 (   3)                 LDI   R1 X
(3001) A432  1010010000110010 (   4)                 LDI   R2 Y
(3002) 4805  0100100000000101 (   5)                 JSR   PRDCT
(3003) B631  1011011000110001 (   6)                 STI   R3 XY
(3004) 481C  0100100000011100 (   7)                 JSR   DVSN
(3005) BA30  1011101000110000 (   8)                 STI   R5 QTNT
(3006) B630  1011011000110000 (   9)                 STI   R3 MDL
(3007) F025  1111000000100101 (  10)                 TRAP  x25
(3008) 3A16  0011101000010110 (  13) PRDCT           ST    R5 Rgstr5
(3009) 3C16  0011110000010110 (  14)                 ST    R6 Rgstr6
(300A) 18A0  0001100010100000 (  16)                 ADD   R4 R2 #0
(300B) 993F  1001100100111111 (  17)                 NOT   R4 R4
(300C) 1921  0001100100100001 (  18)                 ADD   R4 R4 #1
(300D) 0206  0000001000000110 (  19)                 BRP   PSTVLOOP
(300E) 1D44  0001110101000100 (  21) LOOP            ADD   R6 R5 R4
(300F) 0603  0000011000000011 (  22)                 BRZP  QT1
(3010) 1B61  0001101101100001 (  23)                 ADD   R5 R5 #1
(3011) 16C1  0001011011000001 (  24)                 ADD   R3 R3 R1
(3012) 0FFB  0000111111111011 (  25)                 BRNZP LOOP
(3013) C1C0  1100000111000000 (  26) QT1             RET   
(3014) 1920  0001100100100000 (  29) PSTVLOOP        ADD   R4 R4 #0
(3015) 1D44  0001110101000100 (  30) LOOP2           ADD   R6 R5 R4
(3016) 0403  0000010000000011 (  31)                 BRZ   QT2
(3017) 1B61  0001101101100001 (  32)                 ADD   R5 R5 #1
(3018) 16C1  0001011011000001 (  33)                 ADD   R3 R3 R1
(3019) 0FFB  0000111111111011 (  34)                 BRNZP LOOP2
(301A) 96FF  1001011011111111 (  35) QT2             NOT   R3 R3
(301B) 16E1  0001011011100001 (  36)                 ADD   R3 R3 #1
(301C) 2A02  0010101000000010 (  38)                 LD    R5 Rgstr5
(301D) 2C02  0010110000000010 (  39)                 LD    R6 Rgstr6
(301E) C1C0  1100000111000000 (  40)                 RET   
(301F) 0000  0000000000000000 (  41) Rgstr5          .FILL x0000
(3020) 0000  0000000000000000 (  42) Rgstr6          .FILL x0000
(3021) 14A0  0001010010100000 (  45) DVSN            ADD   R2 R2 #0
(3022) 040F  0000010000001111 (  46)                 BRZ   QT3
(3023) 1CA0  0001110010100000 (  47)                 ADD   R6 R2 #0
(3024) 5B60  0101101101100000 (  48)                 AND   R5 R5 #0
(3025) 1660  0001011001100000 (  49)                 ADD   R3 R1 #0
(3026) 18A0  0001100010100000 (  50)                 ADD   R4 R2 #0
(3027) 993F  1001100100111111 (  51)                 NOT   R4 R4
(3028) 1921  0001100100100001 (  52)                 ADD   R4 R4 #1
(3029) 10C4  0001000011000100 (  53)                 ADD   R0 R3 R4
(302A) 09EF  0000100111101111 (  54)                 BRN   QT2
(302B) 1B61  0001101101100001 (  55) LOOP3           ADD   R5 R5 #1
(302C) 16C4  0001011011000100 (  56)                 ADD   R3 R3 R4
(302D) 03FD  0000001111111101 (  57)                 BRP   LOOP3
(302E) 0403  0000010000000011 (  58)                 BRZ   QT3
(302F) 16C6  0001011011000110 (  59)                 ADD   R3 R3 R6
(3030) 1B7F  0001101101111111 (  60)                 ADD   R5 R5 #-1
(3031) 0E00  0000111000000000 (  61)                 BRNZP QT3
(3032) C1C0  1100000111000000 (  62) QT3             RET   
(3033) 3100  0011000100000000 (  64) X               .FILL x3100
(3034) 3101  0011000100000001 (  65) Y               .FILL x3101
(3035) 3102  0011000100000010 (  66) XY              .FILL x3102
(3036) 3103  0011000100000011 (  67) QTNT            .FILL x3103
(3037) 3104  0011000100000100 (  68) MDL             .FILL x3104
