(0000) 3000  0011000000000000 (   1)                 .ORIG x3000
(3000) EC87  1110110010000111 (   3)                 LEA   R6 STACK
(3001) E03E  1110000000111110 (   6)                 LEA   R0 INPUT
(3002) F022  1111000000100010 (   7)                 TRAP  x22
(3003) 2274  0010001001110100 (   8)                 LD    R1 SEVEN_NUM
(3004) 2475  0010010001110101 (   9)                 LD    R2 ARRAY_LIST
(3005) F020  1111000000100000 (  11) INPLOOP         TRAP  x20
(3006) F021  1111000000100001 (  12)                 TRAP  x21
(3007) 7080  0111000010000000 (  13)                 STR   R0 R2 #0
(3008) 14A1  0001010010100001 (  14)                 ADD   R2 R2 #1
(3009) 127F  0001001001111111 (  15)                 ADD   R1 R1 #-1
(300A) 03FA  0000001111111010 (  16)                 BRP   INPLOOP
(300B) 226C  0010001001101100 (  19)                 LD    R1 SEVEN_NUM
(300C) 246D  0010010001101101 (  20)                 LD    R2 ARRAY_LIST
(300D) 6080  0110000010000000 (  22) REVERSE_LOOP    LDR   R0 R2 #0
(300E) 482B  0100100000101011 (  23)                 JSR   PUSH
(300F) 14A1  0001010010100001 (  24)                 ADD   R2 R2 #1
(3010) 127F  0001001001111111 (  25)                 ADD   R1 R1 #-1
(3011) 03FB  0000001111111011 (  26)                 BRP   REVERSE_LOOP
(3012) 2265  0010001001100101 (  28)                 LD    R1 SEVEN_NUM
(3013) 246D  0010010001101101 (  29)                 LD    R2 ALIST_REVERSE
(3014) 4828  0100100000101000 (  31) REVERSE1_LOOP   JSR   POP
(3015) 7080  0111000010000000 (  32)                 STR   R0 R2 #0
(3016) 14A1  0001010010100001 (  33)                 ADD   R2 R2 #1
(3017) 127F  0001001001111111 (  34)                 ADD   R1 R1 #-1
(3018) 03FB  0000001111111011 (  35)                 BRP   REVERSE1_LOOP
(3019) E03C  1110000000111100 (  38)                 LEA   R0 REVERSE_ORDER
(301A) F022  1111000000100010 (  39)                 TRAP  x22
(301B) 225C  0010001001011100 (  40)                 LD    R1 SEVEN_NUM
(301C) 2464  0010010001100100 (  41)                 LD    R2 ALIST_REVERSE
(301D) 6080  0110000010000000 (  43) DISPLAY_REVLOOP LDR   R0 R2 #0
(301E) F021  1111000000100001 (  44)                 TRAP  x21
(301F) 14A1  0001010010100001 (  45)                 ADD   R2 R2 #1
(3020) 127F  0001001001111111 (  46)                 ADD   R1 R1 #-1
(3021) 03FB  0000001111111011 (  47)                 BRP   DISPLAY_REVLOOP
(3022) 2856  0010100001010110 (  50)                 LD    R4 Stck_Pntr
(3023) 2254  0010001001010100 (  52) SORT_LOOP       LD    R1 SEVEN_NUM
(3024) 2455  0010010001010101 (  53)                 LD    R2 ARRAY_LIST
(3025) 6080  0110000010000000 (  55) SORT_INNER_LOOP LDR   R0 R2 #0
(3026) 6681  0110011010000001 (  56)                 LDR   R3 R2 #1
(3027) 14A1  0001010010100001 (  57)                 ADD   R2 R2 #1
(3028) 127F  0001001001111111 (  58)                 ADD   R1 R1 #-1
(3029) 05FB  0000010111111011 (  59)                 BRZ   SORT_INNER_LOOP
(302A) 0403  0000010000000011 (  61)                 BRZ   SWAP
(302B) 76BF  0111011010111111 (  62)                 STR   R3 R2 #-1
(302C) 7080  0111000010000000 (  63)                 STR   R0 R2 #0
(302D) 0FF7  0000111111110111 (  64)                 BRNZP SORT_INNER_LOOP
(302E) 193F  0001100100111111 (  67) SWAP            ADD   R4 R4 #-1
(302F) 03F3  0000001111110011 (  68)                 BRP   SORT_LOOP
(3030) E037  1110000000110111 (  71)                 LEA   R0 SORT_INPUT
(3031) F022  1111000000100010 (  72)                 TRAP  x22
(3032) 2245  0010001001000101 (  73)                 LD    R1 SEVEN_NUM
(3033) 2446  0010010001000110 (  74)                 LD    R2 ARRAY_LIST
(3034) 6080  0110000010000000 (  76) DISPLAY_SORT_LOOP LDR   R0 R2 #0
(3035) F021  1111000000100001 (  77)                 TRAP  x21
(3036) 14A1  0001010010100001 (  78)                 ADD   R2 R2 #1
(3037) 127F  0001001001111111 (  79)                 ADD   R1 R1 #-1
(3038) 03FB  0000001111111011 (  80)                 BRP   DISPLAY_SORT_LOOP
(3039) F025  1111000000100101 (  82)                 TRAP  x25
(303A) 1DBF  0001110110111111 (  86) PUSH            ADD   R6 R6 #-1
(303B) 7180  0111000110000000 (  87)                 STR   R0 R6 #0
(303C) C1C0  1100000111000000 (  88)                 RET   
(303D) 6180  0110000110000000 (  92) POP             LDR   R0 R6 #0
(303E) 1DA1  0001110110100001 (  93)                 ADD   R6 R6 #1
(303F) C1C0  1100000111000000 (  94)                 RET   
(3040) 0049  0000000001001001 (  96) INPUT           .FILL x0049
(3041) 006E  0000000001101110 (  96)                 .FILL x006E
(3042) 0070  0000000001110000 (  96)                 .FILL x0070
(3043) 0075  0000000001110101 (  96)                 .FILL x0075
(3044) 0074  0000000001110100 (  96)                 .FILL x0074
(3045) 0020  0000000000100000 (  96)                 .FILL x0020
(3046) 0053  0000000001010011 (  96)                 .FILL x0053
(3047) 0065  0000000001100101 (  96)                 .FILL x0065
(3048) 0076  0000000001110110 (  96)                 .FILL x0076
(3049) 0065  0000000001100101 (  96)                 .FILL x0065
(304A) 006E  0000000001101110 (  96)                 .FILL x006E
(304B) 0020  0000000000100000 (  96)                 .FILL x0020
(304C) 006E  0000000001101110 (  96)                 .FILL x006E
(304D) 0075  0000000001110101 (  96)                 .FILL x0075
(304E) 006D  0000000001101101 (  96)                 .FILL x006D
(304F) 0062  0000000001100010 (  96)                 .FILL x0062
(3050) 0065  0000000001100101 (  96)                 .FILL x0065
(3051) 0072  0000000001110010 (  96)                 .FILL x0072
(3052) 0073  0000000001110011 (  96)                 .FILL x0073
(3053) 003A  0000000000111010 (  96)                 .FILL x003A
(3054) 0020  0000000000100000 (  96)                 .FILL x0020
(3055) 0000  0000000000000000 (  96)                 .FILL x0000
(3056) 000A  0000000000001010 (  97) REVERSE_ORDER   .FILL x000A
(3057) 0052  0000000001010010 (  97)                 .FILL x0052
(3058) 0065  0000000001100101 (  97)                 .FILL x0065
(3059) 0076  0000000001110110 (  97)                 .FILL x0076
(305A) 0065  0000000001100101 (  97)                 .FILL x0065
(305B) 0072  0000000001110010 (  97)                 .FILL x0072
(305C) 0073  0000000001110011 (  97)                 .FILL x0073
(305D) 0065  0000000001100101 (  97)                 .FILL x0065
(305E) 0064  0000000001100100 (  97)                 .FILL x0064
(305F) 0020  0000000000100000 (  97)                 .FILL x0020
(3060) 004F  0000000001001111 (  97)                 .FILL x004F
(3061) 0072  0000000001110010 (  97)                 .FILL x0072
(3062) 0064  0000000001100100 (  97)                 .FILL x0064
(3063) 0065  0000000001100101 (  97)                 .FILL x0065
(3064) 0072  0000000001110010 (  97)                 .FILL x0072
(3065) 003A  0000000000111010 (  97)                 .FILL x003A
(3066) 0020  0000000000100000 (  97)                 .FILL x0020
(3067) 0000  0000000000000000 (  97)                 .FILL x0000
(3068) 000A  0000000000001010 (  98) SORT_INPUT      .FILL x000A
(3069) 0053  0000000001010011 (  98)                 .FILL x0053
(306A) 006F  0000000001101111 (  98)                 .FILL x006F
(306B) 0072  0000000001110010 (  98)                 .FILL x0072
(306C) 0074  0000000001110100 (  98)                 .FILL x0074
(306D) 0065  0000000001100101 (  98)                 .FILL x0065
(306E) 0064  0000000001100100 (  98)                 .FILL x0064
(306F) 0020  0000000000100000 (  98)                 .FILL x0020
(3070) 004F  0000000001001111 (  98)                 .FILL x004F
(3071) 0072  0000000001110010 (  98)                 .FILL x0072
(3072) 0064  0000000001100100 (  98)                 .FILL x0064
(3073) 0065  0000000001100101 (  98)                 .FILL x0065
(3074) 0072  0000000001110010 (  98)                 .FILL x0072
(3075) 003A  0000000000111010 (  98)                 .FILL x003A
(3076) 0020  0000000000100000 (  98)                 .FILL x0020
(3077) 0000  0000000000000000 (  98)                 .FILL x0000
(3078) 0007  0000000000000111 (  99) SEVEN_NUM       .FILL x0007
(3079) 0006  0000000000000110 ( 100) Stck_Pntr       .FILL x0006
(307A) 0000  0000000000000000 ( 102) ARRAY_LIST      .FILL x0000
(307B) 0000  0000000000000000 ( 102)                 .FILL x0000
(307C) 0000  0000000000000000 ( 102)                 .FILL x0000
(307D) 0000  0000000000000000 ( 102)                 .FILL x0000
(307E) 0000  0000000000000000 ( 102)                 .FILL x0000
(307F) 0000  0000000000000000 ( 102)                 .FILL x0000
(3080) 0000  0000000000000000 ( 102)                 .FILL x0000
(3081) 0000  0000000000000000 ( 103) ALIST_REVERSE   .FILL x0000
(3082) 0000  0000000000000000 ( 103)                 .FILL x0000
(3083) 0000  0000000000000000 ( 103)                 .FILL x0000
(3084) 0000  0000000000000000 ( 103)                 .FILL x0000
(3085) 0000  0000000000000000 ( 103)                 .FILL x0000
(3086) 0000  0000000000000000 ( 103)                 .FILL x0000
(3087) 0000  0000000000000000 ( 103)                 .FILL x0000
(3088) 0000  0000000000000000 ( 105) STACK           .FILL x0000
(3089) 0000  0000000000000000 ( 105)                 .FILL x0000
(308A) 0000  0000000000000000 ( 105)                 .FILL x0000
(308B) 0000  0000000000000000 ( 105)                 .FILL x0000
(308C) 0000  0000000000000000 ( 105)                 .FILL x0000
(308D) 0000  0000000000000000 ( 105)                 .FILL x0000
(308E) 0000  0000000000000000 ( 105)                 .FILL x0000
