(0000) 3000  0011000000000000 (   1)                 .ORIG x3000
(3000) 4801  0100100000000001 (   2)                 JSR   MULT1
(3001) F025  1111000000100101 (   3)                 TRAP  x25
(3002) 3030  0011000000110000 (   5) MULT1           ST    R0 SAVEREG0
(3003) 3230  0011001000110000 (   6)                 ST    R1 SAVEREG1
(3004) 3430  0011010000110000 (   7)                 ST    R2 SAVEREG2
(3005) 3630  0011011000110000 (   8)                 ST    R3 SAVEREG3
(3006) 3830  0011100000110000 (   9)                 ST    R4 SAVEREG4
(3007) 3A30  0011101000110000 (  10)                 ST    R5 SAVEREG5
(3008) 3C30  0011110000110000 (  11)                 ST    R6 SAVEREG6
(3009) 3E30  0011111000110000 (  12)                 ST    R7 SAVEREG7
(300A) 5FE0  0101111111100000 (  14)                 AND   R7 R7 #0
(300B) 1FE1  0001111111100001 (  15)                 ADD   R7 R7 #1
(300C) A02E  1010000000101110 (  16)                 LDI   R0 X
(300D) 1020  0001000000100000 (  17)                 ADD   R0 R0 #0
(300E) 0603  0000011000000011 (  18)                 BRZP  POS
(300F) 1FFF  0001111111111111 (  19)                 ADD   R7 R7 #-1
(3010) 903F  1001000000111111 (  20)                 NOT   R0 R0
(3011) 1021  0001000000100001 (  21)                 ADD   R0 R0 #1
(3012) A229  1010001000101001 (  23) POS             LDI   R1 Y
(3013) 1260  0001001001100000 (  24)                 ADD   R1 R1 #0
(3014) 0603  0000011000000011 (  25)                 BRZP  POS2
(3015) 1FFF  0001111111111111 (  26)                 ADD   R7 R7 #-1
(3016) 927F  1001001001111111 (  27)                 NOT   R1 R1
(3017) 1261  0001001001100001 (  28)                 ADD   R1 R1 #1
(3018) 54A0  0101010010100000 (  30) POS2            AND   R2 R2 #0
(3019) 5920  0101100100100000 (  31)                 AND   R4 R4 #0
(301A) 5B60  0101101101100000 (  32)                 AND   R5 R5 #0
(301B) 192F  0001100100101111 (  33)                 ADD   R4 R4 #15
(301C) 14A1  0001010010100001 (  34)                 ADD   R2 R2 #1
(301D) 1C60  0001110001100000 (  35)                 ADD   R6 R1 #0
(301E) 5782  0101011110000010 (  37) LOOP            AND   R3 R6 R2
(301F) 0401  0000010000000001 (  38)                 BRZ   ISZERO
(3020) 1B40  0001101101000000 (  39)                 ADD   R5 R5 R0
(3021) 1482  0001010010000010 (  41) ISZERO          ADD   R2 R2 R2
(3022) 1000  0001000000000000 (  42)                 ADD   R0 R0 R0
(3023) 193F  0001100100111111 (  43)                 ADD   R4 R4 #-1
(3024) 03F9  0000001111111001 (  44)                 BRP   LOOP
(3025) 1FE0  0001111111100000 (  45)                 ADD   R7 R7 #0
(3026) 0A02  0000101000000010 (  46)                 BRNP  NOTZERO
(3027) 9B7F  1001101101111111 (  47)                 NOT   R5 R5
(3028) 1B61  0001101101100001 (  48)                 ADD   R5 R5 #1
(3029) BA13  1011101000010011 (  50) NOTZERO         STI   R5 P
(302A) 2008  0010000000001000 (  51)                 LD    R0 SAVEREG0
(302B) 2208  0010001000001000 (  52)                 LD    R1 SAVEREG1
(302C) 2408  0010010000001000 (  53)                 LD    R2 SAVEREG2
(302D) 2608  0010011000001000 (  54)                 LD    R3 SAVEREG3
(302E) 2808  0010100000001000 (  55)                 LD    R4 SAVEREG4
(302F) 2A08  0010101000001000 (  56)                 LD    R5 SAVEREG5
(3030) 2C08  0010110000001000 (  57)                 LD    R6 SAVEREG6
(3031) 2E08  0010111000001000 (  58)                 LD    R7 SAVEREG7
(3032) C1C0  1100000111000000 (  59)                 RET   
(3033) 0000  0000000000000000 (  61) SAVEREG0        .FILL x0000
(3034) 0001  0000000000000001 (  62) SAVEREG1        .FILL x0001
(3035) 0002  0000000000000010 (  63) SAVEREG2        .FILL x0002
(3036) 0003  0000000000000011 (  64) SAVEREG3        .FILL x0003
(3037) 0004  0000000000000100 (  65) SAVEREG4        .FILL x0004
(3038) 0005  0000000000000101 (  66) SAVEREG5        .FILL x0005
(3039) 0006  0000000000000110 (  67) SAVEREG6        .FILL x0006
(303A) 0007  0000000000000111 (  68) SAVEREG7        .FILL x0007
(303B) 3100  0011000100000000 (  69) X               .FILL x3100
(303C) 3101  0011000100000001 (  70) Y               .FILL x3101
(303D) 3102  0011000100000010 (  71) P               .FILL x3102
