(0000) 3000  0011000000000000 (   1)                 .ORIG x3000
(3000) A2A0  1010001010100000 (   2)                 LDI   R1 X
(3001) 127E  0001001001111110 (   3)                 ADD   R1 R1 #-2
(3002) 0204  0000001000000100 (   4)                 BRP   XJANXFEB
(3003) 126C  0001001001101100 (   5)                 ADD   R1 R1 #12
(3004) A09E  1010000010011110 (   6)                 LDI   R0 C
(3005) 103F  0001000000111111 (   7)                 ADD   R0 R0 #-1
(3006) B09C  1011000010011100 (   8)                 STI   R0 C
(3007) B29E  1011001010011110 (  11) XJANXFEB        STI   R1 M
(3008) 5020  0101000000100000 (  12)                 AND   R0 R0 #0
(3009) 102D  0001000000101101 (  13)                 ADD   R0 R0 #13
(300A) 482B  0100100000101011 (  15)                 JSR   MULTIPLY
(300B) 14BF  0001010010111111 (  16)                 ADD   R2 R2 #-1
(300C) B49A  1011010010011010 (  17)                 STI   R2 REVISEDMONTH
(300D) 10A0  0001000010100000 (  18)                 ADD   R0 R2 #0
(300E) 5260  0101001001100000 (  19)                 AND   R1 R1 #0
(300F) 1265  0001001001100101 (  20)                 ADD   R1 R1 #5
(3010) 482C  0100100000101100 (  22)                 JSR   DIVIDE
(3011) B496  1011010010010110 (  23)                 STI   R2 MONQUOTIENT
(3012) A090  1010000010010000 (  24)                 LDI   R0 C
(3013) 5260  0101001001100000 (  25)                 AND   R1 R1 #0
(3014) 126F  0001001001101111 (  26)                 ADD   R1 R1 #15
(3015) 126F  0001001001101111 (  27)                 ADD   R1 R1 #15
(3016) 126F  0001001001101111 (  28)                 ADD   R1 R1 #15
(3017) 126F  0001001001101111 (  29)                 ADD   R1 R1 #15
(3018) 126F  0001001001101111 (  30)                 ADD   R1 R1 #15
(3019) 126F  0001001001101111 (  31)                 ADD   R1 R1 #15
(301A) 126A  0001001001101010 (  32)                 ADD   R1 R1 #10
(301B) 4821  0100100000100001 (  34)                 JSR   DIVIDE
(301C) B08F  1011000010001111 (  35)                 STI   R0 D
(301D) B48F  1011010010001111 (  36)                 STI   R2 REVISEDCENT
(301E) A08D  1010000010001101 (  37)                 LDI   R0 D
(301F) 5260  0101001001100000 (  38)                 AND   R1 R1 #0
(3020) 1264  0001001001100100 (  39)                 ADD   R1 R1 #4
(3021) 481B  0100100000011011 (  41)                 JSR   DIVIDE
(3022) B486  1011010010000110 (  42)                 STI   R2 LASTNUMQUOTIENT
(3023) A089  1010000010001001 (  43)                 LDI   R0 REVISEDCENT
(3024) 5260  0101001001100000 (  44)                 AND   R1 R1 #0
(3025) 1264  0001001001100100 (  45)                 ADD   R1 R1 #4
(3026) 4816  0100100000010110 (  47)                 JSR   DIVIDE
(3027) B482  1011010010000010 (  48)                 STI   R2 CENTQUOTIENT
(3028) 4822  0100100000100010 (  50)                 JSR   ZELEQ
(3029) B081  1011000010000001 (  51)                 STI   R0 F
(302A) 5260  0101001001100000 (  52)                 AND   R1 R1 #0
(302B) 1267  0001001001100111 (  53)                 ADD   R1 R1 #7
(302C) 4810  0100100000010000 (  55)                 JSR   DIVIDE
(302D) B076  1011000001110110 (  56)                 STI   R0 FMODULO
(302E) 1220  0001001000100000 (  57)                 ADD   R1 R0 #0
(302F) E02B  1110000000101011 (  58)                 LEA   R0 DAYS
(3030) 127F  0001001001111111 (  61) LOOP            ADD   R1 R1 #-1
(3031) 0802  0000100000000010 (  62)                 BRN   DISPLAY
(3032) 102A  0001000000101010 (  63)                 ADD   R0 R0 #10
(3033) 0FFC  0000111111111100 (  64)                 BRNZP LOOP
(3034) F022  1111000000100010 (  65) DISPLAY         TRAP  x22
(3035) F025  1111000000100101 (  66)                 TRAP  x25
(3036) 0C23  0000110000100011 (  69) MULTIPLY        BRNZ  END
(3037) 54A0  0101010010100000 (  70)                 AND   R2 R2 #0
(3038) 1480  0001010010000000 (  73) MULTIPLYLOOP    ADD   R2 R2 R0
(3039) 127F  0001001001111111 (  74)                 ADD   R1 R1 #-1
(303A) 03FD  0000001111111101 (  75)                 BRP   MULTIPLYLOOP
(303B) 081E  0000100000011110 (  76)                 BRN   END
(303C) C1C0  1100000111000000 (  77)                 RET   
(303D) 081C  0000100000011100 (  80) DIVIDE          BRN   END
(303E) 927F  1001001001111111 (  81)                 NOT   R1 R1
(303F) 1261  0001001001100001 (  82)                 ADD   R1 R1 #1
(3040) 54A0  0101010010100000 (  83)                 AND   R2 R2 #0
(3041) 1001  0001000000000001 (  86) DIVIDELOOP      ADD   R0 R0 R1
(3042) 0804  0000100000000100 (  87)                 BRN   QUOTEND1
(3043) 14A1  0001010010100001 (  88)                 ADD   R2 R2 #1
(3044) 0FFC  0000111111111100 (  89)                 BRNZP DIVIDELOOP
(3045) 14A1  0001010010100001 (  92) QUOTEND2        ADD   R2 R2 #1
(3046) 1001  0001000000000001 (  93)                 ADD   R0 R0 R1
(3047) 927F  1001001001111111 (  96) QUOTEND1        NOT   R1 R1
(3048) 1261  0001001001100001 (  97)                 ADD   R1 R1 #1
(3049) 1001  0001000000000001 (  98)                 ADD   R0 R0 R1
(304A) C1C0  1100000111000000 (  99)                 RET   
(304B) A056  1010000001010110 ( 102) ZELEQ           LDI   R0 K
(304C) A25B  1010001001011011 ( 103)                 LDI   R1 MONQUOTIENT
(304D) 1001  0001000000000001 ( 104)                 ADD   R0 R0 R1
(304E) A25D  1010001001011101 ( 105)                 LDI   R1 D
(304F) 1001  0001000000000001 ( 106)                 ADD   R0 R0 R1
(3050) A258  1010001001011000 ( 107)                 LDI   R1 LASTNUMQUOTIENT
(3051) 1001  0001000000000001 ( 108)                 ADD   R0 R0 R1
(3052) A257  1010001001010111 ( 109)                 LDI   R1 CENTQUOTIENT
(3053) 1001  0001000000000001 ( 110)                 ADD   R0 R0 R1
(3054) A258  1010001001011000 ( 111)                 LDI   R1 REVISEDCENT
(3055) 1241  0001001001000001 ( 112)                 ADD   R1 R1 R1
(3056) 927F  1001001001111111 ( 113)                 NOT   R1 R1
(3057) 1261  0001001001100001 ( 114)                 ADD   R1 R1 #1
(3058) 1001  0001000000000001 ( 115)                 ADD   R0 R0 R1
(3059) C1C0  1100000111000000 ( 116)                 RET   
(305A) F025  1111000000100101 ( 117) END             TRAP  x25
(305B) 0053  0000000001010011 ( 119) DAYS            .FILL x0053
(305C) 0075  0000000001110101 ( 119)                 .FILL x0075
(305D) 006E  0000000001101110 ( 119)                 .FILL x006E
(305E) 0064  0000000001100100 ( 119)                 .FILL x0064
(305F) 0061  0000000001100001 ( 119)                 .FILL x0061
(3060) 0079  0000000001111001 ( 119)                 .FILL x0079
(3061) 0020  0000000000100000 ( 119)                 .FILL x0020
(3062) 0020  0000000000100000 ( 119)                 .FILL x0020
(3063) 0020  0000000000100000 ( 119)                 .FILL x0020
(3064) 0000  0000000000000000 ( 119)                 .FILL x0000
(3065) 004D  0000000001001101 ( 120)                 .FILL x004D
(3066) 006F  0000000001101111 ( 120)                 .FILL x006F
(3067) 006E  0000000001101110 ( 120)                 .FILL x006E
(3068) 0064  0000000001100100 ( 120)                 .FILL x0064
(3069) 0061  0000000001100001 ( 120)                 .FILL x0061
(306A) 0079  0000000001111001 ( 120)                 .FILL x0079
(306B) 0020  0000000000100000 ( 120)                 .FILL x0020
(306C) 0020  0000000000100000 ( 120)                 .FILL x0020
(306D) 0020  0000000000100000 ( 120)                 .FILL x0020
(306E) 0000  0000000000000000 ( 120)                 .FILL x0000
(306F) 0054  0000000001010100 ( 121)                 .FILL x0054
(3070) 0075  0000000001110101 ( 121)                 .FILL x0075
(3071) 0065  0000000001100101 ( 121)                 .FILL x0065
(3072) 0073  0000000001110011 ( 121)                 .FILL x0073
(3073) 0064  0000000001100100 ( 121)                 .FILL x0064
(3074) 0061  0000000001100001 ( 121)                 .FILL x0061
(3075) 0079  0000000001111001 ( 121)                 .FILL x0079
(3076) 0020  0000000000100000 ( 121)                 .FILL x0020
(3077) 0020  0000000000100000 ( 121)                 .FILL x0020
(3078) 0000  0000000000000000 ( 121)                 .FILL x0000
(3079) 0057  0000000001010111 ( 122)                 .FILL x0057
(307A) 0065  0000000001100101 ( 122)                 .FILL x0065
(307B) 0064  0000000001100100 ( 122)                 .FILL x0064
(307C) 006E  0000000001101110 ( 122)                 .FILL x006E
(307D) 0065  0000000001100101 ( 122)                 .FILL x0065
(307E) 0073  0000000001110011 ( 122)                 .FILL x0073
(307F) 0064  0000000001100100 ( 122)                 .FILL x0064
(3080) 0061  0000000001100001 ( 122)                 .FILL x0061
(3081) 0079  0000000001111001 ( 122)                 .FILL x0079
(3082) 0000  0000000000000000 ( 122)                 .FILL x0000
(3083) 0054  0000000001010100 ( 123)                 .FILL x0054
(3084) 0068  0000000001101000 ( 123)                 .FILL x0068
(3085) 0075  0000000001110101 ( 123)                 .FILL x0075
(3086) 0072  0000000001110010 ( 123)                 .FILL x0072
(3087) 0073  0000000001110011 ( 123)                 .FILL x0073
(3088) 0064  0000000001100100 ( 123)                 .FILL x0064
(3089) 0061  0000000001100001 ( 123)                 .FILL x0061
(308A) 0079  0000000001111001 ( 123)                 .FILL x0079
(308B) 0020  0000000000100000 ( 123)                 .FILL x0020
(308C) 0000  0000000000000000 ( 123)                 .FILL x0000
(308D) 0046  0000000001000110 ( 124)                 .FILL x0046
(308E) 0072  0000000001110010 ( 124)                 .FILL x0072
(308F) 0069  0000000001101001 ( 124)                 .FILL x0069
(3090) 0064  0000000001100100 ( 124)                 .FILL x0064
(3091) 0061  0000000001100001 ( 124)                 .FILL x0061
(3092) 0079  0000000001111001 ( 124)                 .FILL x0079
(3093) 0020  0000000000100000 ( 124)                 .FILL x0020
(3094) 0020  0000000000100000 ( 124)                 .FILL x0020
(3095) 0020  0000000000100000 ( 124)                 .FILL x0020
(3096) 0000  0000000000000000 ( 124)                 .FILL x0000
(3097) 0053  0000000001010011 ( 125)                 .FILL x0053
(3098) 0061  0000000001100001 ( 125)                 .FILL x0061
(3099) 0074  0000000001110100 ( 125)                 .FILL x0074
(309A) 0075  0000000001110101 ( 125)                 .FILL x0075
(309B) 0072  0000000001110010 ( 125)                 .FILL x0072
(309C) 0064  0000000001100100 ( 125)                 .FILL x0064
(309D) 0061  0000000001100001 ( 125)                 .FILL x0061
(309E) 0079  0000000001111001 ( 125)                 .FILL x0079
(309F) 0020  0000000000100000 ( 125)                 .FILL x0020
(30A0) 0000  0000000000000000 ( 125)                 .FILL x0000
(30A1) 3200  0011001000000000 ( 127) X               .FILL x3200
(30A2) 3201  0011001000000001 ( 128) K               .FILL x3201
(30A3) 3202  0011001000000010 ( 129) C               .FILL x3202
(30A4) 3203  0011001000000011 ( 130) FMODULO         .FILL x3203
(30A5) 3204  0011001000000100 ( 131) R               .FILL x3204
(30A6) 3205  0011001000000101 ( 132) M               .FILL x3205
(30A7) 31F6  0011000111110110 ( 133) REVISEDMONTH    .FILL x31F6
(30A8) 3103  0011000100000011 ( 134) MONQUOTIENT     .FILL x3103
(30A9) 3104  0011000100000100 ( 135) LASTNUMQUOTIENT .FILL x3104
(30AA) 3105  0011000100000101 ( 136) CENTQUOTIENT    .FILL x3105
(30AB) 3106  0011000100000110 ( 137) F               .FILL x3106
(30AC) 3017  0011000000010111 ( 138) D               .FILL x3017
(30AD) 3018  0011000000011000 ( 139) REVISEDCENT     .FILL x3018
