(0000) 3000  0011000000000000 (   2)                 .ORIG x3000
(3000) A223  1010001000100011 (   3)                 LDI   R1 X
(3001) A423  1010010000100011 (   4)                 LDI   R2 Y
(3002) 480F  0100100000001111 (   6)                 JSR   DVSN
(3003) BA22  1011101000100010 (   7)                 STI   R5 QTNT
(3004) B622  1011011000100010 (   8)                 STI   R3 MDL
(3005) F025  1111000000100101 (   9)                 TRAP  x25
(3006) 1D44  0001110101000100 (  11) LOOP2           ADD   R6 R5 R4
(3007) 0403  0000010000000011 (  12)                 BRZ   QT2
(3008) 1B61  0001101101100001 (  13)                 ADD   R5 R5 #1
(3009) 16C1  0001011011000001 (  14)                 ADD   R3 R3 R1
(300A) 0FFB  0000111111111011 (  15)                 BRNZP LOOP2
(300B) 96FF  1001011011111111 (  16) QT2             NOT   R3 R3
(300C) 16E1  0001011011100001 (  17)                 ADD   R3 R3 #1
(300D) 2A02  0010101000000010 (  19)                 LD    R5 Rgstr5
(300E) 2C02  0010110000000010 (  20)                 LD    R6 Rgstr6
(300F) C1C0  1100000111000000 (  21)                 RET   
(3010) 0000  0000000000000000 (  22) Rgstr5          .FILL x0000
(3011) 0000  0000000000000000 (  23) Rgstr6          .FILL x0000
(3012) 14A0  0001010010100000 (  26) DVSN            ADD   R2 R2 #0
(3013) 040F  0000010000001111 (  27)                 BRZ   QT3
(3014) 1CA0  0001110010100000 (  28)                 ADD   R6 R2 #0
(3015) 5B60  0101101101100000 (  29)                 AND   R5 R5 #0
(3016) 1660  0001011001100000 (  30)                 ADD   R3 R1 #0
(3017) 18A0  0001100010100000 (  31)                 ADD   R4 R2 #0
(3018) 993F  1001100100111111 (  32)                 NOT   R4 R4
(3019) 1921  0001100100100001 (  33)                 ADD   R4 R4 #1
(301A) 10C4  0001000011000100 (  34)                 ADD   R0 R3 R4
(301B) 09EF  0000100111101111 (  35)                 BRN   QT2
(301C) 1B61  0001101101100001 (  36) LOOP3           ADD   R5 R5 #1
(301D) 16C4  0001011011000100 (  37)                 ADD   R3 R3 R4
(301E) 03FD  0000001111111101 (  38)                 BRP   LOOP3
(301F) 0403  0000010000000011 (  39)                 BRZ   QT3
(3020) 16C6  0001011011000110 (  40)                 ADD   R3 R3 R6
(3021) 1B7F  0001101101111111 (  41)                 ADD   R5 R5 #-1
(3022) 0E00  0000111000000000 (  42)                 BRNZP QT3
(3023) C1C0  1100000111000000 (  43) QT3             RET   
(3024) 3100  0011000100000000 (  45) X               .FILL x3100
(3025) 3101  0011000100000001 (  46) Y               .FILL x3101
(3026) 3103  0011000100000011 (  47) QTNT            .FILL x3103
(3027) 3104  0011000100000100 (  48) MDL             .FILL x3104
