(0000) 3000  0011000000000000 (   1)                 .ORIG x3000
(3000) F023  1111000000100011 (   4)                 TRAP  x23
(3001) 262A  0010011000101010 (   5)                 LD    R3 HEXN30
(3002) 1003  0001000000000011 (   6)                 ADD   R0 R0 R3
(3003) 1220  0001001000100000 (   7)                 ADD   R1 R0 #0
(3004) F023  1111000000100011 (  10)                 TRAP  x23
(3005) 1003  0001000000000011 (  11)                 ADD   R0 R0 R3
(3006) 1401  0001010000000001 (  14)                 ADD   R2 R0 R1
(3007) E006  1110000000000110 (  17)                 LEA   R0 MESG
(3008) F022  1111000000100010 (  18)                 TRAP  x22
(3009) 10A0  0001000010100000 (  20)                 ADD   R0 R2 #0
(300A) 2622  0010011000100010 (  21)                 LD    R3 HEX30
(300B) 1003  0001000000000011 (  23)                 ADD   R0 R0 R3
(300C) F021  1111000000100001 (  24)                 TRAP  x21
(300D) F025  1111000000100101 (  26)                 TRAP  x25
(300E) 0074  0000000001110100 (  29) MESG            .FILL x0074
(300F) 0048  0000000001001000 (  29)                 .FILL x0048
(3010) 0045  0000000001000101 (  29)                 .FILL x0045
(3011) 0020  0000000000100000 (  29)                 .FILL x0020
(3012) 0053  0000000001010011 (  29)                 .FILL x0053
(3013) 0055  0000000001010101 (  29)                 .FILL x0055
(3014) 004D  0000000001001101 (  29)                 .FILL x004D
(3015) 0020  0000000000100000 (  29)                 .FILL x0020
(3016) 004F  0000000001001111 (  29)                 .FILL x004F
(3017) 0046  0000000001000110 (  29)                 .FILL x0046
(3018) 0020  0000000000100000 (  29)                 .FILL x0020
(3019) 0054  0000000001010100 (  29)                 .FILL x0054
(301A) 0048  0000000001001000 (  29)                 .FILL x0048
(301B) 0045  0000000001000101 (  29)                 .FILL x0045
(301C) 0020  0000000000100000 (  29)                 .FILL x0020
(301D) 0054  0000000001010100 (  29)                 .FILL x0054
(301E) 0057  0000000001010111 (  29)                 .FILL x0057
(301F) 004F  0000000001001111 (  29)                 .FILL x004F
(3020) 0020  0000000000100000 (  29)                 .FILL x0020
(3021) 0049  0000000001001001 (  29)                 .FILL x0049
(3022) 004E  0000000001001110 (  29)                 .FILL x004E
(3023) 0050  0000000001010000 (  29)                 .FILL x0050
(3024) 0055  0000000001010101 (  29)                 .FILL x0055
(3025) 0054  0000000001010100 (  29)                 .FILL x0054
(3026) 0020  0000000000100000 (  29)                 .FILL x0020
(3027) 0049  0000000001001001 (  29)                 .FILL x0049
(3028) 0053  0000000001010011 (  29)                 .FILL x0053
(3029) 003A  0000000000111010 (  29)                 .FILL x003A
(302A) 0020  0000000000100000 (  29)                 .FILL x0020
(302B) 0000  0000000000000000 (  29)                 .FILL x0000
(302C) FFD0  1111111111010000 (  30) HEXN30          .FILL xFFD0
(302D) 0030  0000000000110000 (  31) HEX30           .FILL x0030
