(0000) 3000  0011000000000000 (   6)                 .ORIG x3000
(3000) E80F  1110100000001111 (   7)                 LEA   R4 Dividend
(3001) EA0F  1110101000001111 (   8)                 LEA   R5 Divisor
(3002) 6300  0110001100000000 (   9)                 LDR   R1 R4 #0
(3003) 6540  0110010101000000 (  10)                 LDR   R2 R5 #0
(3004) 56E0  0101011011100000 (  11)                 AND   R3 R3 #0
(3005) 98BF  1001100010111111 (  14) Loop            NOT   R4 R2
(3006) 1921  0001100100100001 (  15)                 ADD   R4 R4 #1
(3007) 1A44  0001101001000100 (  16)                 ADD   R5 R1 R4
(3008) 0803  0000100000000011 (  17)                 BRN   EndLoop
(3009) 16E1  0001011011100001 (  18)                 ADD   R3 R3 #1
(300A) 1244  0001001001000100 (  19)                 ADD   R1 R1 R4
(300B) 03F9  0000001111111001 (  20)                 BRP   Loop
(300C) E005  1110000000000101 (  24) EndLoop         LEA   R0 Output
(300D) F022  1111000000100010 (  25)                 TRAP  x22
(300E) 10E0  0001000011100000 (  26)                 ADD   R0 R3 #0
(300F) F021  1111000000100001 (  27)                 TRAP  x21
(3010) 000A  0000000000001010 (  30) Dividend        .FILL x000A
(3011) 0002  0000000000000010 (  31) Divisor         .FILL x0002
(3012) 0054  0000000001010100 (  32) Output          .FILL x0054
(3013) 0068  0000000001101000 (  32)                 .FILL x0068
(3014) 0065  0000000001100101 (  32)                 .FILL x0065
(3015) 0020  0000000000100000 (  32)                 .FILL x0020
(3016) 0071  0000000001110001 (  32)                 .FILL x0071
(3017) 0075  0000000001110101 (  32)                 .FILL x0075
(3018) 006F  0000000001101111 (  32)                 .FILL x006F
(3019) 0074  0000000001110100 (  32)                 .FILL x0074
(301A) 0069  0000000001101001 (  32)                 .FILL x0069
(301B) 0065  0000000001100101 (  32)                 .FILL x0065
(301C) 006E  0000000001101110 (  32)                 .FILL x006E
(301D) 0074  0000000001110100 (  32)                 .FILL x0074
(301E) 0020  0000000000100000 (  32)                 .FILL x0020
(301F) 0069  0000000001101001 (  32)                 .FILL x0069
(3020) 0073  0000000001110011 (  32)                 .FILL x0073
(3021) 003A  0000000000111010 (  32)                 .FILL x003A
(3022) 0020  0000000000100000 (  32)                 .FILL x0020
(3023) 0000  0000000000000000 (  32)                 .FILL x0000
