(0000) 3000  0011000000000000 (   1)                 .ORIG x3000
(3000) 2212  0010001000010010 (   2)                 LD    R1 INPUT
(3001) 2412  0010010000010010 (   3)                 LD    R2 OUTPUT
(3002) 2612  0010011000010010 (   4)                 LD    R3 ONE
(3003) 5020  0101000000100000 (   5)                 AND   R0 R0 #0
(3004) 6040  0110000001000000 (   6)                 LDR   R0 R1 #0
(3005) 040B  0000010000001011 (   7)                 BRZ   DONE
(3006) 1820  0001100000100000 (   8)                 ADD   R4 R0 #0
(3007) 103F  0001000000111111 (   9)                 ADD   R0 R0 #-1
(3008) 0408  0000010000001000 (  10)                 BRZ   DONE
(3009) 1B20  0001101100100000 (  12) LOOP            ADD   R5 R4 #0
(300A) 1C20  0001110000100000 (  13)                 ADD   R6 R0 #0
(300B) 1B44  0001101101000100 (  15) INNER_LOOP      ADD   R5 R5 R4
(300C) 1DBF  0001110110111111 (  16)                 ADD   R6 R6 #-1
(300D) 03FD  0000001111111101 (  17)                 BRP   INNER_LOOP
(300E) 1960  0001100101100000 (  18)                 ADD   R4 R5 #0
(300F) 103F  0001000000111111 (  19)                 ADD   R0 R0 #-1
(3010) 03F8  0000001111111000 (  20)                 BRP   LOOP
(3011) 7880  0111100010000000 (  22) DONE            STR   R4 R2 #0
(3012) F025  1111000000100101 (  23)                 TRAP  x25
(3013) 4000  0100000000000000 (  24) INPUT           .FILL x4000
(3014) 4001  0100000000000001 (  25) OUTPUT          .FILL x4001
(3015) 0001  0000000000000001 (  26) ONE             .FILL x0001
