(0000) 3000  0011000000000000 (   1)                 .ORIG x3000
(3000) E004  1110000000000100 (   2)                 LEA   R0 HW
(3001) F022  1111000000100010 (   3)                 TRAP  x22
(3002) E011  1110000000010001 (   4)                 LEA   R0 ASS
(3003) F022  1111000000100010 (   5)                 TRAP  x22
(3004) F025  1111000000100101 (   6)                 TRAP  x25
(3005) 0048  0000000001001000 (   8) HW              .FILL x0048
(3006) 0045  0000000001000101 (   8)                 .FILL x0045
(3007) 004C  0000000001001100 (   8)                 .FILL x004C
(3008) 004C  0000000001001100 (   8)                 .FILL x004C
(3009) 004F  0000000001001111 (   8)                 .FILL x004F
(300A) 0020  0000000000100000 (   8)                 .FILL x0020
(300B) 0057  0000000001010111 (   8)                 .FILL x0057
(300C) 004F  0000000001001111 (   8)                 .FILL x004F
(300D) 0052  0000000001010010 (   8)                 .FILL x0052
(300E) 004C  0000000001001100 (   8)                 .FILL x004C
(300F) 0044  0000000001000100 (   8)                 .FILL x0044
(3010) 0021  0000000000100001 (   8)                 .FILL x0021
(3011) 0020  0000000000100000 (   8)                 .FILL x0020
(3012) 000A  0000000000001010 (   8)                 .FILL x000A
(3013) 0000  0000000000000000 (   8)                 .FILL x0000
(3014) 0053  0000000001010011 (   9) ASS             .FILL x0053
(3015) 0055  0000000001010101 (   9)                 .FILL x0055
(3016) 0042  0000000001000010 (   9)                 .FILL x0042
(3017) 004D  0000000001001101 (   9)                 .FILL x004D
(3018) 0049  0000000001001001 (   9)                 .FILL x0049
(3019) 0054  0000000001010100 (   9)                 .FILL x0054
(301A) 0020  0000000000100000 (   9)                 .FILL x0020
(301B) 0054  0000000001010100 (   9)                 .FILL x0054
(301C) 0048  0000000001001000 (   9)                 .FILL x0048
(301D) 0049  0000000001001001 (   9)                 .FILL x0049
(301E) 0053  0000000001010011 (   9)                 .FILL x0053
(301F) 0021  0000000000100001 (   9)                 .FILL x0021
(3020) 0000  0000000000000000 (   9)                 .FILL x0000
