(0000) 3000  0011000000000000 (   1)                 .ORIG x3000
(3000) 2212  0010001000010010 (   9)                 LD    R1 Num1
(3001) 2412  0010010000010010 (  10)                 LD    R2 Num2
(3002) 94BF  1001010010111111 (  13)                 NOT   R2 R2
(3003) 14A1  0001010010100001 (  14)                 ADD   R2 R2 #1
(3004) 1042  0001000001000010 (  15)                 ADD   R0 R1 R2
(3005) 0402  0000010000000010 (  17)                 BRZ   EQUAL
(3006) 0803  0000100000000011 (  18)                 BRN   LESS
(3007) 0205  0000001000000101 (  19)                 BRP   GREATER
(3008) 5020  0101000000100000 (  22) EQUAL           AND   R0 R0 #0
(3009) 0E06  0000111000000110 (  23)                 BRNZP DONE
(300A) 5020  0101000000100000 (  26) LESS            AND   R0 R0 #0
(300B) 103F  0001000000111111 (  27)                 ADD   R0 R0 #-1
(300C) 0E03  0000111000000011 (  28)                 BRNZP DONE
(300D) 5020  0101000000100000 (  31) GREATER         AND   R0 R0 #0
(300E) 1021  0001000000100001 (  32)                 ADD   R0 R0 #1
(300F) 0E00  0000111000000000 (  33)                 BRNZP DONE
(3010) B001  1011000000000001 (  37) DONE            STI   R0 RESULT
(3011) F025  1111000000100101 (  38)                 TRAP  x25
(3012) 4000  0100000000000000 (  40) RESULT          .FILL x4000
(3013) 0004  0000000000000100 (  41) Num1            .FILL x0004
(3014) 0006  0000000000000110 (  42) Num2            .FILL x0006
