(0000) 3000  0011000000000000 (   1)                 .ORIG x3000
(3000) E013  1110000000010011 (   3)                 LEA   R0 OUTPUT
(3001) F022  1111000000100010 (   4)                 TRAP  x22
(3002) 5260  0101001001100000 (   6)                 AND   R1 R1 #0
(3003) 126A  0001001001101010 (   7)                 ADD   R1 R1 #10
(3004) 2425  0010010000100101 (   9)                 LD    R2 INPUTS
(3005) F023  1111000000100011 (  11) LOOP1           TRAP  x23
(3006) 7080  0111000010000000 (  12)                 STR   R0 R2 #0
(3007) 14A1  0001010010100001 (  13)                 ADD   R2 R2 #1
(3008) 127F  0001001001111111 (  14)                 ADD   R1 R1 #-1
(3009) 03FB  0000001111111011 (  15)                 BRP   LOOP1
(300A) 2622  0010011000100010 (  17)                 LD    R3 COUNTER
(300B) 2820  0010100000100000 (  18)                 LD    R4 DUPE
(300C) 2A1E  0010101000011110 (  19)                 LD    R5 START
(300D) 6D40  0110110101000000 (  21) LOOP2           LDR   R6 R5 #0
(300E) 7D00  0111110100000000 (  22)                 STR   R6 R4 #0
(300F) 1921  0001100100100001 (  23)                 ADD   R4 R4 #1
(3010) 1B61  0001101101100001 (  24)                 ADD   R5 R5 #1
(3011) 16FF  0001011011111111 (  25)                 ADD   R3 R3 #-1
(3012) 03FA  0000001111111010 (  26)                 BRP   LOOP2
(3013) F025  1111000000100101 (  28)                 TRAP  x25
(3014) 0045  0000000001000101 (  30) OUTPUT          .FILL x0045
(3015) 006E  0000000001101110 (  30)                 .FILL x006E
(3016) 0074  0000000001110100 (  30)                 .FILL x0074
(3017) 0065  0000000001100101 (  30)                 .FILL x0065
(3018) 0072  0000000001110010 (  30)                 .FILL x0072
(3019) 0020  0000000000100000 (  30)                 .FILL x0020
(301A) 0031  0000000000110001 (  30)                 .FILL x0031
(301B) 0030  0000000000110000 (  30)                 .FILL x0030
(301C) 0020  0000000000100000 (  30)                 .FILL x0020
(301D) 0063  0000000001100011 (  30)                 .FILL x0063
(301E) 0068  0000000001101000 (  30)                 .FILL x0068
(301F) 0061  0000000001100001 (  30)                 .FILL x0061
(3020) 0072  0000000001110010 (  30)                 .FILL x0072
(3021) 0061  0000000001100001 (  30)                 .FILL x0061
(3022) 0063  0000000001100011 (  30)                 .FILL x0063
(3023) 0074  0000000001110100 (  30)                 .FILL x0074
(3024) 0065  0000000001100101 (  30)                 .FILL x0065
(3025) 0072  0000000001110010 (  30)                 .FILL x0072
(3026) 0073  0000000001110011 (  30)                 .FILL x0073
(3027) 003A  0000000000111010 (  30)                 .FILL x003A
(3028) 0020  0000000000100000 (  30)                 .FILL x0020
(3029) 0000  0000000000000000 (  30)                 .FILL x0000
(302A) 3500  0011010100000000 (  31) INPUTS          .FILL x3500
(302B) 3000  0011000000000000 (  32) START           .FILL x3000
(302C) 4000  0100000000000000 (  33) DUPE            .FILL x4000
(302D) 1000  0001000000000000 (  34) COUNTER         .FILL x1000
