(0000) 3100  0011000100000000 (   1)                 .ORIG x3100
(3100) A219  1010001000011001 (   2)                 LDI   R1 FIRSTMULT
(3101) A419  1010010000011001 (   3)                 LDI   R2 SECONDMULT
(3102) 56E0  0101011011100000 (   4)                 AND   R3 R3 #0
(3103) 480E  0100100000001110 (   5)                 JSR   MULT
(3104) 5260  0101001001100000 (   6)                 AND   R1 R1 #0
(3105) 1240  0001001001000000 (   7)                 ADD   R1 R1 R0
(3106) 5020  0101000000100000 (   8)                 AND   R0 R0 #0
(3107) A414  1010010000010100 (   9)                 LDI   R2 THIRDMULT
(3108) 56E0  0101011011100000 (  10)                 AND   R3 R3 #0
(3109) 4808  0100100000001000 (  11)                 JSR   MULT
(310A) 5260  0101001001100000 (  12)                 AND   R1 R1 #0
(310B) 1240  0001001001000000 (  13)                 ADD   R1 R1 R0
(310C) 5020  0101000000100000 (  14)                 AND   R0 R0 #0
(310D) A40F  1010010000001111 (  15)                 LDI   R2 FOURTHMULT
(310E) 56E0  0101011011100000 (  16)                 AND   R3 R3 #0
(310F) 4802  0100100000000010 (  17)                 JSR   MULT
(3110) B00D  1011000000001101 (  18)                 STI   R0 PRODUCT
(3111) F025  1111000000100101 (  19)                 TRAP  x25
(3112) 94BF  1001010010111111 (  23) MULT            NOT   R2 R2
(3113) 14A1  0001010010100001 (  24)                 ADD   R2 R2 #1
(3114) 18C2  0001100011000010 (  25) LOOP            ADD   R4 R3 R2
(3115) 0403  0000010000000011 (  26)                 BRZ   ENDLOOP
(3116) 1001  0001000000000001 (  27)                 ADD   R0 R0 R1
(3117) 16E1  0001011011100001 (  28)                 ADD   R3 R3 #1
(3118) 0FFB  0000111111111011 (  29)                 BRNZP LOOP
(3119) C1C0  1100000111000000 (  31) ENDLOOP         RET   
(311A) 4000  0100000000000000 (  34) FIRSTMULT       .FILL x4000
(311B) 4001  0100000000000001 (  35) SECONDMULT      .FILL x4001
(311C) 4002  0100000000000010 (  36) THIRDMULT       .FILL x4002
(311D) 4003  0100000000000011 (  37) FOURTHMULT      .FILL x4003
(311E) 5000  0101000000000000 (  38) PRODUCT         .FILL x5000
