(0000) 3000  0011000000000000 (   1)                 .ORIG x3000
(3000) E00D  1110000000001101 (   2)                 LEA   R0 NUM1
(3001) 221D  0010001000011101 (   3)                 LD    R1 MULTIPLICAND
(3002) 241D  0010010000011101 (   4)                 LD    R2 MULTIPLIER
(3003) 56E0  0101011011100000 (   5)                 AND   R3 R3 #0
(3004) 16C1  0001011011000001 (   8) MULTIPLICATION_LOOP ADD   R3 R3 R1
(3005) 14BF  0001010010111111 (   9)                 ADD   R2 R2 #-1
(3006) 03FD  0000001111111101 (  10)                 BRP   MULTIPLICATION_LOOP
(3007) 16E1  0001011011100001 (  12)                 ADD   R3 R3 #1
(3008) 3618  0011011000011000 (  14)                 ST    R3 PRODUCT
(3009) 2017  0010000000010111 (  15)                 LD    R0 PRODUCT
(300A) 2617  0010011000010111 (  16)                 LD    R3 HEX
(300B) 1003  0001000000000011 (  17)                 ADD   R0 R0 R3
(300C) F021  1111000000100001 (  18)                 TRAP  x21
(300D) F025  1111000000100101 (  19)                 TRAP  x25
(300E) 0054  0000000001010100 (  21) NUM1            .FILL x0054
(300F) 0068  0000000001101000 (  21)                 .FILL x0068
(3010) 0065  0000000001100101 (  21)                 .FILL x0065
(3011) 0020  0000000000100000 (  21)                 .FILL x0020
(3012) 0070  0000000001110000 (  21)                 .FILL x0070
(3013) 0072  0000000001110010 (  21)                 .FILL x0072
(3014) 006F  0000000001101111 (  21)                 .FILL x006F
(3015) 0064  0000000001100100 (  21)                 .FILL x0064
(3016) 0075  0000000001110101 (  21)                 .FILL x0075
(3017) 0063  0000000001100011 (  21)                 .FILL x0063
(3018) 0074  0000000001110100 (  21)                 .FILL x0074
(3019) 0020  0000000000100000 (  21)                 .FILL x0020
(301A) 0069  0000000001101001 (  21)                 .FILL x0069
(301B) 0073  0000000001110011 (  21)                 .FILL x0073
(301C) 003A  0000000000111010 (  21)                 .FILL x003A
(301D) 0020  0000000000100000 (  21)                 .FILL x0020
(301E) 0000  0000000000000000 (  21)                 .FILL x0000
(301F) 0005  0000000000000101 (  22) MULTIPLICAND    .FILL x0005
(3020) 0004  0000000000000100 (  23) MULTIPLIER      .FILL x0004
(3021) 0000  0000000000000000 (  25) PRODUCT         .FILL x0000
(3022) 0030  0000000000110000 (  25) HEX             .FILL x0030
