(0000) 3000  0011000000000000 (   2)                 .ORIG x3000
(3000) A016  1010000000010110 (   4)                 LDI   R0 ZERO
(3001) A210  1010001000010000 (   5)                 LDI   R1 a
(3002) A410  1010010000010000 (   6)                 LDI   R2 b
(3003) A610  1010011000010000 (   7)                 LDI   R3 c
(3004) A810  1010100000010000 (   8)                 LDI   R4 d
(3005) AA11  1010101000010001 (   9)                 LDI   R5 ZERO
(3006) AC10  1010110000010000 (  10)                 LDI   R6 ZERO
(3007) 1002  0001000000000010 (  13) LOOP            ADD   R0 R0 R2
(3008) 127F  0001001001111111 (  14)                 ADD   R1 R1 #-1
(3009) 03FD  0000001111111101 (  15)                 BRP   LOOP
(300A) 1B40  0001101101000000 (  18) NXTLOOP_C       ADD   R5 R5 R0
(300B) 16FF  0001011011111111 (  19)                 ADD   R3 R3 #-1
(300C) 03FD  0000001111111101 (  20)                 BRP   NXTLOOP_C
(300D) 1D85  0001110110000101 (  23) NEXT_D          ADD   R6 R6 R5
(300E) 193F  0001100100111111 (  24)                 ADD   R4 R4 #-1
(300F) 03FD  0000001111111101 (  25)                 BRP   NEXT_D
(3010) BC05  1011110000000101 (  29) DONE            STI   R6 PRODUCT
(3011) F025  1111000000100101 (  30)                 TRAP  x25
(3012) 4000  0100000000000000 (  32) a               .FILL x4000
(3013) 4001  0100000000000001 (  33) b               .FILL x4001
(3014) 4002  0100000000000010 (  34) c               .FILL x4002
(3015) 4003  0100000000000011 (  35) d               .FILL x4003
(3016) 5000  0101000000000000 (  37) PRODUCT         .FILL x5000
(3017) 3100  0011000100000000 (  38) ZERO            .FILL x3100
